{"/home/travis/build/npmtest/node-npmtest-core-decorators/test.js":{"path":"/home/travis/build/npmtest/node-npmtest-core-decorators/test.js","s":{"1":2,"2":2,"3":2,"4":2,"5":2,"6":2,"7":2,"8":1,"9":2,"10":2,"11":1,"12":1,"13":1,"14":1,"15":2,"16":2,"17":2,"18":2,"19":1,"20":1,"21":2,"22":2,"23":2,"24":1,"25":1,"26":1,"27":1,"28":1,"29":1,"30":1,"31":1,"32":1,"33":1,"34":1,"35":1,"36":1,"37":1,"38":1,"39":2,"40":2,"41":1,"42":2,"43":2,"44":1,"45":2,"46":2,"47":1,"48":2,"49":2,"50":1,"51":1,"52":1,"53":1,"54":1},"b":{"1":[2,1,1,1],"2":[1,1,1,1],"3":[1,1],"4":[1,1],"5":[1,1],"6":[1,1],"7":[1,1],"8":[1,1],"9":[1,1],"10":[1,1,1],"11":[1,1],"12":[1,1],"13":[1,1],"14":[1,1],"15":[1,1],"16":[1,1],"17":[1,1]},"f":{"1":2,"2":2,"3":2,"4":2,"5":2,"6":1,"7":1,"8":1,"9":2,"10":2,"11":2,"12":2,"13":1},"fnMap":{"1":{"name":"(anonymous_1)","line":12,"loc":{"start":{"line":12,"column":1},"end":{"line":12,"column":13}}},"2":{"name":"(anonymous_2)","line":19,"loc":{"start":{"line":19,"column":5},"end":{"line":19,"column":17}}},"3":{"name":"(anonymous_3)","line":23,"loc":{"start":{"line":23,"column":24},"end":{"line":23,"column":36}}},"4":{"name":"(anonymous_4)","line":61,"loc":{"start":{"line":61,"column":5},"end":{"line":61,"column":17}}},"5":{"name":"(anonymous_5)","line":82,"loc":{"start":{"line":82,"column":5},"end":{"line":82,"column":17}}},"6":{"name":"(anonymous_6)","line":91,"loc":{"start":{"line":91,"column":77},"end":{"line":94,"column":10}}},"7":{"name":"(anonymous_7)","line":112,"loc":{"start":{"line":112,"column":83},"end":{"line":115,"column":10}},"skip":true},"8":{"name":"(anonymous_8)","line":123,"loc":{"start":{"line":123,"column":77},"end":{"line":126,"column":10}},"skip":true},"9":{"name":"(anonymous_9)","line":139,"loc":{"start":{"line":139,"column":12},"end":{"line":139,"column":40}},"skip":true},"10":{"name":"(anonymous_10)","line":147,"loc":{"start":{"line":147,"column":77},"end":{"line":150,"column":10}},"skip":true},"11":{"name":"(anonymous_11)","line":158,"loc":{"start":{"line":158,"column":83},"end":{"line":161,"column":10}},"skip":true},"12":{"name":"(anonymous_12)","line":169,"loc":{"start":{"line":169,"column":79},"end":{"line":172,"column":10}},"skip":true},"13":{"name":"(anonymous_13)","line":180,"loc":{"start":{"line":180,"column":75},"end":{"line":183,"column":10}},"skip":true}},"statementMap":{"1":{"start":{"line":12,"column":0},"end":{"line":195,"column":5}},"2":{"start":{"line":14,"column":4},"end":{"line":14,"column":14}},"3":{"start":{"line":19,"column":4},"end":{"line":56,"column":9}},"4":{"start":{"line":21,"column":8},"end":{"line":21,"column":19}},"5":{"start":{"line":23,"column":8},"end":{"line":35,"column":13}},"6":{"start":{"line":24,"column":12},"end":{"line":34,"column":13}},"7":{"start":{"line":25,"column":16},"end":{"line":28,"column":30}},"8":{"start":{"line":30,"column":16},"end":{"line":33,"column":27}},"9":{"start":{"line":37,"column":8},"end":{"line":39,"column":21}},"10":{"start":{"line":40,"column":8},"end":{"line":53,"column":9}},"11":{"start":{"line":43,"column":12},"end":{"line":46,"column":14}},"12":{"start":{"line":47,"column":12},"end":{"line":47,"column":18}},"13":{"start":{"line":50,"column":12},"end":{"line":51,"column":33}},"14":{"start":{"line":52,"column":12},"end":{"line":52,"column":18}},"15":{"start":{"line":55,"column":8},"end":{"line":55,"column":35}},"16":{"start":{"line":61,"column":4},"end":{"line":63,"column":9}},"17":{"start":{"line":62,"column":8},"end":{"line":62,"column":15}},"18":{"start":{"line":64,"column":4},"end":{"line":77,"column":5}},"19":{"start":{"line":70,"column":8},"end":{"line":70,"column":14}},"20":{"start":{"line":76,"column":8},"end":{"line":76,"column":14}},"21":{"start":{"line":82,"column":4},"end":{"line":84,"column":9}},"22":{"start":{"line":83,"column":8},"end":{"line":83,"column":15}},"23":{"start":{"line":85,"column":4},"end":{"line":194,"column":5}},"24":{"start":{"line":91,"column":8},"end":{"line":99,"column":10}},"25":{"start":{"line":98,"column":12},"end":{"line":98,"column":35}},"26":{"start":{"line":102,"column":8},"end":{"line":104,"column":63}},"27":{"start":{"line":105,"column":8},"end":{"line":105,"column":14}},"28":{"start":{"line":112,"column":8},"end":{"line":121,"column":10},"skip":true},"29":{"start":{"line":119,"column":12},"end":{"line":119,"column":55},"skip":true},"30":{"start":{"line":120,"column":12},"end":{"line":120,"column":48},"skip":true},"31":{"start":{"line":123,"column":8},"end":{"line":136,"column":10},"skip":true},"32":{"start":{"line":130,"column":12},"end":{"line":130,"column":76},"skip":true},"33":{"start":{"line":131,"column":12},"end":{"line":131,"column":73},"skip":true},"34":{"start":{"line":132,"column":12},"end":{"line":132,"column":74},"skip":true},"35":{"start":{"line":133,"column":12},"end":{"line":133,"column":79},"skip":true},"36":{"start":{"line":134,"column":12},"end":{"line":134,"column":25},"skip":true},"37":{"start":{"line":135,"column":12},"end":{"line":135,"column":45},"skip":true},"38":{"start":{"line":138,"column":8},"end":{"line":145,"column":14},"skip":true},"39":{"start":{"line":143,"column":16},"end":{"line":143,"column":29},"skip":true},"40":{"start":{"line":144,"column":16},"end":{"line":144,"column":55},"skip":true},"41":{"start":{"line":147,"column":8},"end":{"line":156,"column":10},"skip":true},"42":{"start":{"line":154,"column":12},"end":{"line":154,"column":25},"skip":true},"43":{"start":{"line":155,"column":12},"end":{"line":155,"column":45},"skip":true},"44":{"start":{"line":158,"column":8},"end":{"line":167,"column":10},"skip":true},"45":{"start":{"line":165,"column":12},"end":{"line":165,"column":25},"skip":true},"46":{"start":{"line":166,"column":12},"end":{"line":166,"column":48},"skip":true},"47":{"start":{"line":169,"column":8},"end":{"line":178,"column":10},"skip":true},"48":{"start":{"line":176,"column":12},"end":{"line":176,"column":25},"skip":true},"49":{"start":{"line":177,"column":12},"end":{"line":177,"column":46},"skip":true},"50":{"start":{"line":180,"column":8},"end":{"line":189,"column":10},"skip":true},"51":{"start":{"line":187,"column":12},"end":{"line":187,"column":94},"skip":true},"52":{"start":{"line":188,"column":12},"end":{"line":188,"column":48},"skip":true},"53":{"start":{"line":192,"column":8},"end":{"line":192,"column":35},"skip":true},"54":{"start":{"line":193,"column":8},"end":{"line":193,"column":14},"skip":true}},"branchMap":{"1":{"line":25,"type":"binary-expr","locations":[{"start":{"line":25,"column":23},"end":{"line":25,"column":62}},{"start":{"line":26,"column":20},"end":{"line":26,"column":70}},{"start":{"line":27,"column":20},"end":{"line":27,"column":71}},{"start":{"line":28,"column":20},"end":{"line":28,"column":29}}]},"2":{"line":30,"type":"binary-expr","locations":[{"start":{"line":30,"column":23},"end":{"line":30,"column":37}},{"start":{"line":31,"column":20},"end":{"line":31,"column":61}},{"start":{"line":32,"column":20},"end":{"line":32,"column":70}},{"start":{"line":33,"column":20},"end":{"line":33,"column":26}}]},"3":{"line":37,"type":"cond-expr","locations":[{"start":{"line":38,"column":14},"end":{"line":38,"column":20}},{"start":{"line":39,"column":14},"end":{"line":39,"column":20}}]},"4":{"line":40,"type":"switch","locations":[{"start":{"line":42,"column":8},"end":{"line":47,"column":18}},{"start":{"line":49,"column":8},"end":{"line":52,"column":18}}]},"5":{"line":44,"type":"binary-expr","locations":[{"start":{"line":44,"column":16},"end":{"line":44,"column":44}},{"start":{"line":44,"column":48},"end":{"line":44,"column":66}}]},"6":{"line":50,"type":"binary-expr","locations":[{"start":{"line":50,"column":21},"end":{"line":50,"column":49}},{"start":{"line":50,"column":53},"end":{"line":50,"column":72}}]},"7":{"line":64,"type":"switch","locations":[{"start":{"line":69,"column":4},"end":{"line":70,"column":14}},{"start":{"line":75,"column":4},"end":{"line":76,"column":14}}]},"8":{"line":85,"type":"switch","locations":[{"start":{"line":90,"column":4},"end":{"line":105,"column":14}},{"start":{"line":111,"column":4},"end":{"line":193,"column":14},"skip":true}]},"9":{"line":91,"type":"binary-expr","locations":[{"start":{"line":91,"column":42},"end":{"line":91,"column":73}},{"start":{"line":91,"column":77},"end":{"line":99,"column":9}}]},"10":{"line":102,"type":"binary-expr","locations":[{"start":{"line":102,"column":18},"end":{"line":102,"column":32}},{"start":{"line":103,"column":12},"end":{"line":103,"column":53}},{"start":{"line":104,"column":12},"end":{"line":104,"column":61}}]},"11":{"line":112,"type":"binary-expr","locations":[{"start":{"line":112,"column":45},"end":{"line":112,"column":79},"skip":true},{"start":{"line":112,"column":83},"end":{"line":121,"column":9},"skip":true}]},"12":{"line":123,"type":"binary-expr","locations":[{"start":{"line":123,"column":42},"end":{"line":123,"column":73},"skip":true},{"start":{"line":123,"column":77},"end":{"line":136,"column":9},"skip":true}]},"13":{"line":138,"type":"binary-expr","locations":[{"start":{"line":138,"column":48},"end":{"line":138,"column":85},"skip":true},{"start":{"line":139,"column":12},"end":{"line":145,"column":13},"skip":true}]},"14":{"line":147,"type":"binary-expr","locations":[{"start":{"line":147,"column":42},"end":{"line":147,"column":73},"skip":true},{"start":{"line":147,"column":77},"end":{"line":156,"column":9},"skip":true}]},"15":{"line":158,"type":"binary-expr","locations":[{"start":{"line":158,"column":45},"end":{"line":158,"column":79},"skip":true},{"start":{"line":158,"column":83},"end":{"line":167,"column":9},"skip":true}]},"16":{"line":169,"type":"binary-expr","locations":[{"start":{"line":169,"column":43},"end":{"line":169,"column":75},"skip":true},{"start":{"line":169,"column":79},"end":{"line":178,"column":9},"skip":true}]},"17":{"line":180,"type":"binary-expr","locations":[{"start":{"line":180,"column":41},"end":{"line":180,"column":71},"skip":true},{"start":{"line":180,"column":75},"end":{"line":189,"column":9},"skip":true}]}},"code":["/* istanbul instrument in package npmtest_core_decorators */","/*jslint","    bitwise: true,","    browser: true,","    maxerr: 8,","    maxlen: 96,","    node: true,","    nomen: true,","    regexp: true,","    stupid: true","*/","(function () {","    'use strict';","    var local;","","","","    // run shared js-env code - init-before","    (function () {","        // init local","        local = {};","        // init modeJs","        local.modeJs = (function () {","            try {","                return typeof navigator.userAgent === 'string' &&","                    typeof document.querySelector('body') === 'object' &&","                    typeof XMLHttpRequest.prototype.open === 'function' &&","                    'browser';","            } catch (errorCaughtBrowser) {","                return module.exports &&","                    typeof process.versions.node === 'string' &&","                    typeof require('http').createServer === 'function' &&","                    'node';","            }","        }());","        // init global","        local.global = local.modeJs === 'browser'","            ? window","            : global;","        switch (local.modeJs) {","        // re-init local from window.local","        case 'browser':","            local = local.global.utility2.objectSetDefault(","                local.global.utility2_rollup || local.global.local,","                local.global.utility2","            );","            break;","        // re-init local from example.js","        case 'node':","            local = (local.global.utility2_rollup || require('utility2'))","                .requireReadme();","            break;","        }","        // export local","        local.global.local = local;","    }());","","","","    // run shared js-env code - function","    (function () {","        return;","    }());","    switch (local.modeJs) {","","","","    // run browser js-env code - function","    case 'browser':","        break;","","","","    // run node js-env code - function","    case 'node':","        break;","    }","","","","    // run shared js-env code - init-after","    (function () {","        return;","    }());","    switch (local.modeJs) {","","","","    // run browser js-env code - init-after","    case 'browser':","        local.testCase_browser_nullCase = local.testCase_browser_nullCase || function (","            options,","            onError","        ) {","        /*","         * this function will test browsers's null-case handling-behavior-behavior","         */","            onError(null, options);","        };","","        // run tests","        local.nop(local.modeTest &&","            document.querySelector('#testRunButton1') &&","            document.querySelector('#testRunButton1').click());","        break;","","","","    // run node js-env code - init-after","    /* istanbul ignore next */","    case 'node':","        local.testCase_buildApidoc_default = local.testCase_buildApidoc_default || function (","            options,","            onError","        ) {","        /*","         * this function will test buildApidoc's default handling-behavior-behavior","         */","            options = { modulePathList: module.paths };","            local.buildApidoc(options, onError);","        };","","        local.testCase_buildApp_default = local.testCase_buildApp_default || function (","            options,","            onError","        ) {","        /*","         * this function will test buildApp's default handling-behavior-behavior","         */","            local.testCase_buildReadme_default(options, local.onErrorThrow);","            local.testCase_buildLib_default(options, local.onErrorThrow);","            local.testCase_buildTest_default(options, local.onErrorThrow);","            local.testCase_buildCustomOrg_default(options, local.onErrorThrow);","            options = [];","            local.buildApp(options, onError);","        };","","        local.testCase_buildCustomOrg_default = local.testCase_buildCustomOrg_default ||","            function (options, onError) {","            /*","             * this function will test buildCustomOrg's default handling-behavior","             */","                options = {};","                local.buildCustomOrg(options, onError);","            };","","        local.testCase_buildLib_default = local.testCase_buildLib_default || function (","            options,","            onError","        ) {","        /*","         * this function will test buildLib's default handling-behavior","         */","            options = {};","            local.buildLib(options, onError);","        };","","        local.testCase_buildReadme_default = local.testCase_buildReadme_default || function (","            options,","            onError","        ) {","        /*","         * this function will test buildReadme's default handling-behavior-behavior","         */","            options = {};","            local.buildReadme(options, onError);","        };","","        local.testCase_buildTest_default = local.testCase_buildTest_default || function (","            options,","            onError","        ) {","        /*","         * this function will test buildTest's default handling-behavior","         */","            options = {};","            local.buildTest(options, onError);","        };","","        local.testCase_webpage_default = local.testCase_webpage_default || function (","            options,","            onError","        ) {","        /*","         * this function will test webpage's default handling-behavior","         */","            options = { modeCoverageMerge: true, url: local.serverLocalHost + '?modeTest=1' };","            local.browserTest(options, onError);","        };","","        // run test-server","        local.testRunServer(local);","        break;","    }","}());",""],"l":{"12":2,"14":2,"19":2,"21":2,"23":2,"24":2,"25":2,"30":1,"37":2,"40":2,"43":1,"47":1,"50":1,"52":1,"55":2,"61":2,"62":2,"64":2,"70":1,"76":1,"82":2,"83":2,"85":2,"91":1,"98":1,"102":1,"105":1,"112":1,"119":1,"120":1,"123":1,"130":1,"131":1,"132":1,"133":1,"134":1,"135":1,"138":1,"143":2,"144":2,"147":1,"154":2,"155":2,"158":1,"165":2,"166":2,"169":1,"176":2,"177":2,"180":1,"187":1,"188":1,"192":1,"193":1}},"/home/travis/build/npmtest/node-npmtest-core-decorators/lib.npmtest_core_decorators.js":{"path":"/home/travis/build/npmtest/node-npmtest-core-decorators/lib.npmtest_core_decorators.js","s":{"1":2,"2":2,"3":2,"4":2,"5":2,"6":2,"7":2,"8":1,"9":2,"10":2,"11":2,"12":2,"13":1,"14":1,"15":1,"16":1},"b":{"1":[2,1,1,1],"2":[1,1,1,1],"3":[1,1],"4":[2,2],"5":[1,1]},"f":{"1":2,"2":2,"3":2},"fnMap":{"1":{"name":"(anonymous_1)","line":12,"loc":{"start":{"line":12,"column":1},"end":{"line":12,"column":13}}},"2":{"name":"(anonymous_2)","line":19,"loc":{"start":{"line":19,"column":5},"end":{"line":19,"column":17}}},"3":{"name":"(anonymous_3)","line":23,"loc":{"start":{"line":23,"column":24},"end":{"line":23,"column":36}}}},"statementMap":{"1":{"start":{"line":12,"column":0},"end":{"line":53,"column":5}},"2":{"start":{"line":14,"column":4},"end":{"line":14,"column":14}},"3":{"start":{"line":19,"column":4},"end":{"line":52,"column":9}},"4":{"start":{"line":21,"column":8},"end":{"line":21,"column":19}},"5":{"start":{"line":23,"column":8},"end":{"line":35,"column":13}},"6":{"start":{"line":24,"column":12},"end":{"line":34,"column":13}},"7":{"start":{"line":25,"column":16},"end":{"line":28,"column":30}},"8":{"start":{"line":30,"column":16},"end":{"line":33,"column":27}},"9":{"start":{"line":37,"column":8},"end":{"line":39,"column":21}},"10":{"start":{"line":41,"column":8},"end":{"line":41,"column":54}},"11":{"start":{"line":43,"column":8},"end":{"line":43,"column":60}},"12":{"start":{"line":45,"column":8},"end":{"line":51,"column":9}},"13":{"start":{"line":46,"column":12},"end":{"line":46,"column":66}},"14":{"start":{"line":48,"column":12},"end":{"line":48,"column":35}},"15":{"start":{"line":49,"column":12},"end":{"line":49,"column":49}},"16":{"start":{"line":50,"column":12},"end":{"line":50,"column":43}}},"branchMap":{"1":{"line":25,"type":"binary-expr","locations":[{"start":{"line":25,"column":23},"end":{"line":25,"column":62}},{"start":{"line":26,"column":20},"end":{"line":26,"column":70}},{"start":{"line":27,"column":20},"end":{"line":27,"column":71}},{"start":{"line":28,"column":20},"end":{"line":28,"column":29}}]},"2":{"line":30,"type":"binary-expr","locations":[{"start":{"line":30,"column":23},"end":{"line":30,"column":37}},{"start":{"line":31,"column":20},"end":{"line":31,"column":61}},{"start":{"line":32,"column":20},"end":{"line":32,"column":70}},{"start":{"line":33,"column":20},"end":{"line":33,"column":26}}]},"3":{"line":37,"type":"cond-expr","locations":[{"start":{"line":38,"column":14},"end":{"line":38,"column":20}},{"start":{"line":39,"column":14},"end":{"line":39,"column":20}}]},"4":{"line":41,"type":"binary-expr","locations":[{"start":{"line":41,"column":16},"end":{"line":41,"column":44}},{"start":{"line":41,"column":48},"end":{"line":41,"column":53}}]},"5":{"line":45,"type":"if","locations":[{"start":{"line":45,"column":8},"end":{"line":45,"column":8}},{"start":{"line":45,"column":8},"end":{"line":45,"column":8}}]}},"code":["/* istanbul instrument in package npmtest_core_decorators */","/*jslint","    bitwise: true,","    browser: true,","    maxerr: 8,","    maxlen: 96,","    node: true,","    nomen: true,","    regexp: true,","    stupid: true","*/","(function () {","    'use strict';","    var local;","","","","    // run shared js-env code - init-before","    (function () {","        // init local","        local = {};","        // init modeJs","        local.modeJs = (function () {","            try {","                return typeof navigator.userAgent === 'string' &&","                    typeof document.querySelector('body') === 'object' &&","                    typeof XMLHttpRequest.prototype.open === 'function' &&","                    'browser';","            } catch (errorCaughtBrowser) {","                return module.exports &&","                    typeof process.versions.node === 'string' &&","                    typeof require('http').createServer === 'function' &&","                    'node';","            }","        }());","        // init global","        local.global = local.modeJs === 'browser'","            ? window","            : global;","        // init utility2_rollup","        local = local.global.utility2_rollup || local;","        // init lib","        local.local = local.npmtest_core_decorators = local;","        // init exports","        if (local.modeJs === 'browser') {","            local.global.utility2_npmtest_core_decorators = local;","        } else {","            module.exports = local;","            module.exports.__dirname = __dirname;","            module.exports.module = module;","        }","    }());","}());",""],"l":{"12":2,"14":2,"19":2,"21":2,"23":2,"24":2,"25":2,"30":1,"37":2,"41":2,"43":2,"45":2,"46":1,"48":1,"49":1,"50":1}},"/home/travis/build/npmtest/node-npmtest-core-decorators/example.js":{"path":"/home/travis/build/npmtest/node-npmtest-core-decorators/example.js","s":{"1":2,"2":2,"3":2,"4":2,"5":2,"6":2,"7":2,"8":1,"9":2,"10":2,"11":2,"12":2,"13":1,"14":2,"15":2,"16":2,"17":2,"18":2,"19":0,"20":2,"21":1,"22":1,"23":1,"24":1,"25":1,"26":0,"27":0,"28":1,"29":1,"30":2,"31":0,"32":0,"33":0,"34":1,"35":2,"36":2,"37":3,"38":3,"39":3,"40":3,"41":0,"42":3,"43":3,"44":3,"45":1,"46":3,"47":1,"48":1,"49":1,"50":1,"51":1,"52":1,"53":1,"54":1,"55":1,"56":1,"57":0,"58":1,"59":6,"60":6,"61":1,"62":2,"63":0,"64":2,"65":1,"66":1,"67":0,"68":0,"69":0,"70":0,"71":0,"72":0,"73":0,"74":0,"75":0,"76":0,"77":0,"78":0,"79":0,"80":0,"81":0,"82":0,"83":0},"b":{"1":[2,1,1,1],"2":[1,1,1,1],"3":[1,1],"4":[2,2],"5":[1,1],"6":[1,1],"7":[2,0],"8":[2,1,1,1,1,1],"9":[0,2,0],"10":[1,1],"11":[2,1,1],"12":[1,0],"13":[0,2],"14":[2,0,0,0,0,0,0],"15":[0,3],"16":[3,0],"17":[1,1],"18":[0,1],"19":[1,2,0,2],"20":[1,0],"21":[1,1],"22":[0,0],"23":[0,0],"24":[0,0],"25":[0,0],"26":[0,0],"27":[0,0],"28":[0,0]},"f":{"1":2,"2":2,"3":2,"4":2,"5":2,"6":2,"7":3,"8":3,"9":3,"10":1,"11":6,"12":0},"fnMap":{"1":{"name":"(anonymous_1)","line":26,"loc":{"start":{"line":26,"column":1},"end":{"line":26,"column":13}}},"2":{"name":"(anonymous_2)","line":33,"loc":{"start":{"line":33,"column":5},"end":{"line":33,"column":17}}},"3":{"name":"(anonymous_3)","line":37,"loc":{"start":{"line":37,"column":24},"end":{"line":37,"column":36}}},"4":{"name":"(anonymous_4)","line":69,"loc":{"start":{"line":69,"column":31},"end":{"line":69,"column":48}},"skip":true},"5":{"name":"(anonymous_5)","line":78,"loc":{"start":{"line":78,"column":26},"end":{"line":78,"column":45}},"skip":true},"6":{"name":"(anonymous_6)","line":123,"loc":{"start":{"line":123,"column":33},"end":{"line":123,"column":48}},"skip":true},"7":{"name":"(anonymous_7)","line":125,"loc":{"start":{"line":125,"column":27},"end":{"line":125,"column":39}},"skip":true},"8":{"name":"(anonymous_8)","line":133,"loc":{"start":{"line":133,"column":59},"end":{"line":133,"column":74}},"skip":true},"9":{"name":"(anonymous_9)","line":143,"loc":{"start":{"line":143,"column":45},"end":{"line":143,"column":62}},"skip":true},"10":{"name":"(anonymous_10)","line":144,"loc":{"start":{"line":144,"column":73},"end":{"line":144,"column":92}},"skip":true},"11":{"name":"(anonymous_11)","line":272,"loc":{"start":{"line":272,"column":51},"end":{"line":272,"column":77}},"skip":true},"12":{"name":"(anonymous_12)","line":315,"loc":{"start":{"line":315,"column":32},"end":{"line":315,"column":61}},"skip":true}},"statementMap":{"1":{"start":{"line":26,"column":0},"end":{"line":326,"column":5}},"2":{"start":{"line":28,"column":4},"end":{"line":28,"column":14}},"3":{"start":{"line":33,"column":4},"end":{"line":60,"column":9}},"4":{"start":{"line":35,"column":8},"end":{"line":35,"column":19}},"5":{"start":{"line":37,"column":8},"end":{"line":49,"column":13}},"6":{"start":{"line":38,"column":12},"end":{"line":48,"column":13}},"7":{"start":{"line":39,"column":16},"end":{"line":42,"column":30}},"8":{"start":{"line":44,"column":16},"end":{"line":47,"column":27}},"9":{"start":{"line":51,"column":8},"end":{"line":53,"column":21}},"10":{"start":{"line":55,"column":8},"end":{"line":57,"column":45}},"11":{"start":{"line":59,"column":8},"end":{"line":59,"column":35}},"12":{"start":{"line":61,"column":4},"end":{"line":325,"column":5}},"13":{"start":{"line":69,"column":8},"end":{"line":121,"column":10},"skip":true},"14":{"start":{"line":70,"column":12},"end":{"line":88,"column":13},"skip":true},"15":{"start":{"line":76,"column":16},"end":{"line":87,"column":19},"skip":true},"16":{"start":{"line":79,"column":20},"end":{"line":86,"column":21},"skip":true},"17":{"start":{"line":82,"column":24},"end":{"line":82,"column":43},"skip":true},"18":{"start":{"line":83,"column":24},"end":{"line":83,"column":30},"skip":true},"19":{"start":{"line":85,"column":24},"end":{"line":85,"column":49},"skip":true},"20":{"start":{"line":89,"column":12},"end":{"line":107,"column":13},"skip":true},"21":{"start":{"line":92,"column":16},"end":{"line":102,"column":17},"skip":true},"22":{"start":{"line":93,"column":20},"end":{"line":93,"column":86},"skip":true},"23":{"start":{"line":94,"column":20},"end":{"line":95,"column":45},"skip":true},"24":{"start":{"line":96,"column":20},"end":{"line":96,"column":42},"skip":true},"25":{"start":{"line":97,"column":20},"end":{"line":97,"column":48},"skip":true},"26":{"start":{"line":100,"column":20},"end":{"line":100,"column":85},"skip":true},"27":{"start":{"line":101,"column":20},"end":{"line":101,"column":96},"skip":true},"28":{"start":{"line":103,"column":16},"end":{"line":103,"column":22},"skip":true},"29":{"start":{"line":106,"column":16},"end":{"line":106,"column":22},"skip":true},"30":{"start":{"line":108,"column":12},"end":{"line":120,"column":13},"skip":true},"31":{"start":{"line":114,"column":16},"end":{"line":119,"column":17},"skip":true},"32":{"start":{"line":116,"column":20},"end":{"line":116,"column":78},"skip":true},"33":{"start":{"line":118,"column":20},"end":{"line":118,"column":47},"skip":true},"34":{"start":{"line":123,"column":8},"end":{"line":141,"column":11},"skip":true},"35":{"start":{"line":124,"column":12},"end":{"line":124,"column":54},"skip":true},"36":{"start":{"line":125,"column":12},"end":{"line":140,"column":14},"skip":true},"37":{"start":{"line":126,"column":16},"end":{"line":126,"column":28},"skip":true},"38":{"start":{"line":127,"column":16},"end":{"line":127,"column":69},"skip":true},"39":{"start":{"line":128,"column":16},"end":{"line":128,"column":75},"skip":true},"40":{"start":{"line":129,"column":16},"end":{"line":131,"column":17},"skip":true},"41":{"start":{"line":130,"column":20},"end":{"line":130,"column":27},"skip":true},"42":{"start":{"line":133,"column":16},"end":{"line":137,"column":36},"skip":true},"43":{"start":{"line":134,"column":20},"end":{"line":136,"column":55},"skip":true},"44":{"start":{"line":139,"column":16},"end":{"line":139,"column":57},"skip":true},"45":{"start":{"line":143,"column":8},"end":{"line":147,"column":11},"skip":true},"46":{"start":{"line":144,"column":12},"end":{"line":146,"column":15},"skip":true},"47":{"start":{"line":145,"column":16},"end":{"line":145,"column":70},"skip":true},"48":{"start":{"line":149,"column":8},"end":{"line":149,"column":31},"skip":true},"49":{"start":{"line":150,"column":8},"end":{"line":150,"column":14},"skip":true},"50":{"start":{"line":158,"column":8},"end":{"line":158,"column":31},"skip":true},"51":{"start":{"line":160,"column":8},"end":{"line":160,"column":33},"skip":true},"52":{"start":{"line":161,"column":8},"end":{"line":161,"column":37},"skip":true},"53":{"start":{"line":162,"column":8},"end":{"line":162,"column":35},"skip":true},"54":{"start":{"line":164,"column":8},"end":{"line":164,"column":50},"skip":true},"55":{"start":{"line":166,"column":8},"end":{"line":256,"column":2},"skip":true},"56":{"start":{"line":258,"column":8},"end":{"line":286,"column":9},"skip":true},"57":{"start":{"line":259,"column":12},"end":{"line":269,"column":14},"skip":true},"58":{"start":{"line":271,"column":12},"end":{"line":285,"column":19},"skip":true},"59":{"start":{"line":274,"column":20},"end":{"line":274,"column":35},"skip":true},"60":{"start":{"line":275,"column":20},"end":{"line":284,"column":21},"skip":true},"61":{"start":{"line":277,"column":24},"end":{"line":277,"column":64},"skip":true},"62":{"start":{"line":279,"column":24},"end":{"line":279,"column":40},"skip":true},"63":{"start":{"line":281,"column":24},"end":{"line":281,"column":40},"skip":true},"64":{"start":{"line":283,"column":24},"end":{"line":283,"column":39},"skip":true},"65":{"start":{"line":288,"column":8},"end":{"line":290,"column":9},"skip":true},"66":{"start":{"line":289,"column":12},"end":{"line":289,"column":18},"skip":true},"67":{"start":{"line":291,"column":8},"end":{"line":293,"column":54},"skip":true},"68":{"start":{"line":296,"column":8},"end":{"line":301,"column":37},"skip":true},"69":{"start":{"line":303,"column":8},"end":{"line":303,"column":82},"skip":true},"70":{"start":{"line":306,"column":8},"end":{"line":308,"column":9},"skip":true},"71":{"start":{"line":307,"column":12},"end":{"line":307,"column":82},"skip":true},"72":{"start":{"line":310,"column":8},"end":{"line":312,"column":9},"skip":true},"73":{"start":{"line":311,"column":12},"end":{"line":311,"column":18},"skip":true},"74":{"start":{"line":313,"column":8},"end":{"line":313,"column":54},"skip":true},"75":{"start":{"line":314,"column":8},"end":{"line":314,"column":69},"skip":true},"76":{"start":{"line":315,"column":8},"end":{"line":323,"column":36},"skip":true},"77":{"start":{"line":316,"column":12},"end":{"line":316,"column":61},"skip":true},"78":{"start":{"line":317,"column":12},"end":{"line":320,"column":13},"skip":true},"79":{"start":{"line":318,"column":16},"end":{"line":318,"column":75},"skip":true},"80":{"start":{"line":319,"column":16},"end":{"line":319,"column":23},"skip":true},"81":{"start":{"line":321,"column":12},"end":{"line":321,"column":38},"skip":true},"82":{"start":{"line":322,"column":12},"end":{"line":322,"column":27},"skip":true},"83":{"start":{"line":324,"column":8},"end":{"line":324,"column":14},"skip":true}},"branchMap":{"1":{"line":39,"type":"binary-expr","locations":[{"start":{"line":39,"column":23},"end":{"line":39,"column":62}},{"start":{"line":40,"column":20},"end":{"line":40,"column":70}},{"start":{"line":41,"column":20},"end":{"line":41,"column":71}},{"start":{"line":42,"column":20},"end":{"line":42,"column":29}}]},"2":{"line":44,"type":"binary-expr","locations":[{"start":{"line":44,"column":23},"end":{"line":44,"column":37}},{"start":{"line":45,"column":20},"end":{"line":45,"column":61}},{"start":{"line":46,"column":20},"end":{"line":46,"column":70}},{"start":{"line":47,"column":20},"end":{"line":47,"column":26}}]},"3":{"line":51,"type":"cond-expr","locations":[{"start":{"line":52,"column":14},"end":{"line":52,"column":20}},{"start":{"line":53,"column":14},"end":{"line":53,"column":20}}]},"4":{"line":55,"type":"binary-expr","locations":[{"start":{"line":55,"column":16},"end":{"line":55,"column":44}},{"start":{"line":55,"column":49},"end":{"line":57,"column":43}}]},"5":{"line":55,"type":"cond-expr","locations":[{"start":{"line":56,"column":14},"end":{"line":56,"column":59}},{"start":{"line":57,"column":14},"end":{"line":57,"column":43}}]},"6":{"line":61,"type":"switch","locations":[{"start":{"line":68,"column":4},"end":{"line":150,"column":14},"skip":true},{"start":{"line":156,"column":4},"end":{"line":324,"column":14},"skip":true}]},"7":{"line":70,"type":"if","locations":[{"start":{"line":70,"column":12},"end":{"line":70,"column":12},"skip":true},{"start":{"line":70,"column":12},"end":{"line":70,"column":12},"skip":true}]},"8":{"line":70,"type":"binary-expr","locations":[{"start":{"line":70,"column":16},"end":{"line":70,"column":22},"skip":true},{"start":{"line":70,"column":27},"end":{"line":70,"column":32},"skip":true},{"start":{"line":71,"column":20},"end":{"line":71,"column":39},"skip":true},{"start":{"line":72,"column":20},"end":{"line":72,"column":49},"skip":true},{"start":{"line":73,"column":20},"end":{"line":73,"column":58},"skip":true},{"start":{"line":74,"column":20},"end":{"line":74,"column":69},"skip":true}]},"9":{"line":79,"type":"switch","locations":[{"start":{"line":80,"column":20},"end":{"line":80,"column":33},"skip":true},{"start":{"line":81,"column":20},"end":{"line":83,"column":30},"skip":true},{"start":{"line":84,"column":20},"end":{"line":85,"column":49},"skip":true}]},"10":{"line":89,"type":"switch","locations":[{"start":{"line":90,"column":12},"end":{"line":103,"column":22},"skip":true},{"start":{"line":105,"column":12},"end":{"line":106,"column":22},"skip":true}]},"11":{"line":89,"type":"binary-expr","locations":[{"start":{"line":89,"column":20},"end":{"line":89,"column":25},"skip":true},{"start":{"line":89,"column":29},"end":{"line":89,"column":48},"skip":true},{"start":{"line":89,"column":52},"end":{"line":89,"column":74},"skip":true}]},"12":{"line":92,"type":"if","locations":[{"start":{"line":92,"column":16},"end":{"line":92,"column":16},"skip":true},{"start":{"line":92,"column":16},"end":{"line":92,"column":16},"skip":true}]},"13":{"line":108,"type":"if","locations":[{"start":{"line":108,"column":12},"end":{"line":108,"column":12},"skip":true},{"start":{"line":108,"column":12},"end":{"line":108,"column":12},"skip":true}]},"14":{"line":108,"type":"binary-expr","locations":[{"start":{"line":108,"column":16},"end":{"line":108,"column":61},"skip":true},{"start":{"line":108,"column":66},"end":{"line":108,"column":72},"skip":true},{"start":{"line":108,"column":77},"end":{"line":108,"column":82},"skip":true},{"start":{"line":109,"column":20},"end":{"line":109,"column":39},"skip":true},{"start":{"line":110,"column":20},"end":{"line":110,"column":49},"skip":true},{"start":{"line":111,"column":20},"end":{"line":111,"column":58},"skip":true},{"start":{"line":112,"column":20},"end":{"line":112,"column":68},"skip":true}]},"15":{"line":129,"type":"if","locations":[{"start":{"line":129,"column":16},"end":{"line":129,"column":16},"skip":true},{"start":{"line":129,"column":16},"end":{"line":129,"column":16},"skip":true}]},"16":{"line":134,"type":"cond-expr","locations":[{"start":{"line":135,"column":26},"end":{"line":135,"column":29},"skip":true},{"start":{"line":136,"column":26},"end":{"line":136,"column":54},"skip":true}]},"17":{"line":164,"type":"binary-expr","locations":[{"start":{"line":164,"column":27},"end":{"line":164,"column":43},"skip":true},{"start":{"line":164,"column":47},"end":{"line":164,"column":49},"skip":true}]},"18":{"line":258,"type":"if","locations":[{"start":{"line":258,"column":8},"end":{"line":258,"column":8},"skip":true},{"start":{"line":258,"column":8},"end":{"line":258,"column":8},"skip":true}]},"19":{"line":275,"type":"switch","locations":[{"start":{"line":276,"column":20},"end":{"line":277,"column":64},"skip":true},{"start":{"line":278,"column":20},"end":{"line":279,"column":40},"skip":true},{"start":{"line":280,"column":20},"end":{"line":281,"column":40},"skip":true},{"start":{"line":282,"column":20},"end":{"line":283,"column":39},"skip":true}]},"20":{"line":288,"type":"if","locations":[{"start":{"line":288,"column":8},"end":{"line":288,"column":8},"skip":true},{"start":{"line":288,"column":8},"end":{"line":288,"column":8},"skip":true}]},"21":{"line":288,"type":"binary-expr","locations":[{"start":{"line":288,"column":12},"end":{"line":288,"column":40},"skip":true},{"start":{"line":288,"column":44},"end":{"line":288,"column":67},"skip":true}]},"22":{"line":292,"type":"binary-expr","locations":[{"start":{"line":292,"column":12},"end":{"line":292,"column":50},"skip":true},{"start":{"line":293,"column":12},"end":{"line":293,"column":53},"skip":true}]},"23":{"line":297,"type":"binary-expr","locations":[{"start":{"line":297,"column":12},"end":{"line":297,"column":73},"skip":true},{"start":{"line":298,"column":12},"end":{"line":301,"column":36},"skip":true}]},"24":{"line":303,"type":"binary-expr","locations":[{"start":{"line":303,"column":43},"end":{"line":303,"column":75},"skip":true},{"start":{"line":303,"column":79},"end":{"line":303,"column":81},"skip":true}]},"25":{"line":306,"type":"if","locations":[{"start":{"line":306,"column":8},"end":{"line":306,"column":8},"skip":true},{"start":{"line":306,"column":8},"end":{"line":306,"column":8},"skip":true}]},"26":{"line":310,"type":"if","locations":[{"start":{"line":310,"column":8},"end":{"line":310,"column":8},"skip":true},{"start":{"line":310,"column":8},"end":{"line":310,"column":8},"skip":true}]},"27":{"line":313,"type":"binary-expr","locations":[{"start":{"line":313,"column":27},"end":{"line":313,"column":43},"skip":true},{"start":{"line":313,"column":47},"end":{"line":313,"column":53},"skip":true}]},"28":{"line":317,"type":"if","locations":[{"start":{"line":317,"column":12},"end":{"line":317,"column":12},"skip":true},{"start":{"line":317,"column":12},"end":{"line":317,"column":12},"skip":true}]}},"code":["/*","example.js","","quickstart example","","instruction","    1. save this script as example.js","    2. run the shell command:","        $ npm install npmtest-core-decorators && PORT=8081 node example.js","    3. play with the browser-demo on http://127.0.0.1:8081","*/","","","","/* istanbul instrument in package npmtest_core_decorators */","/*jslint","    bitwise: true,","    browser: true,","    maxerr: 8,","    maxlen: 96,","    node: true,","    nomen: true,","    regexp: true,","    stupid: true","*/","(function () {","    'use strict';","    var local;","","","","    // run shared js-env code - init-before","    (function () {","        // init local","        local = {};","        // init modeJs","        local.modeJs = (function () {","            try {","                return typeof navigator.userAgent === 'string' &&","                    typeof document.querySelector('body') === 'object' &&","                    typeof XMLHttpRequest.prototype.open === 'function' &&","                    'browser';","            } catch (errorCaughtBrowser) {","                return module.exports &&","                    typeof process.versions.node === 'string' &&","                    typeof require('http').createServer === 'function' &&","                    'node';","            }","        }());","        // init global","        local.global = local.modeJs === 'browser'","            ? window","            : global;","        // init utility2_rollup","        local = local.global.utility2_rollup || (local.modeJs === 'browser'","            ? local.global.utility2_npmtest_core_decorators","            : global.utility2_moduleExports);","        // export local","        local.global.local = local;","    }());","    switch (local.modeJs) {","","","","    // init-after","    // run browser js-env code - init-after","    /* istanbul ignore next */","    case 'browser':","        local.testRunBrowser = function (event) {","            if (!event || (event &&","                    event.currentTarget &&","                    event.currentTarget.className &&","                    event.currentTarget.className.includes &&","                    event.currentTarget.className.includes('onreset'))) {","                // reset output","                Array.from(","                    document.querySelectorAll('body > .resettable')","                ).forEach(function (element) {","                    switch (element.tagName) {","                    case 'INPUT':","                    case 'TEXTAREA':","                        element.value = '';","                        break;","                    default:","                        element.textContent = '';","                    }","                });","            }","            switch (event && event.currentTarget && event.currentTarget.id) {","            case 'testRunButton1':","                // show tests","                if (document.querySelector('#testReportDiv1').style.display === 'none') {","                    document.querySelector('#testReportDiv1').style.display = 'block';","                    document.querySelector('#testRunButton1').textContent =","                        'hide internal test';","                    local.modeTest = true;","                    local.testRunDefault(local);","                // hide tests","                } else {","                    document.querySelector('#testReportDiv1').style.display = 'none';","                    document.querySelector('#testRunButton1').textContent = 'run internal test';","                }","                break;","            // custom-case","            default:","                break;","            }","            if (document.querySelector('#inputTextareaEval1') && (!event || (event &&","                    event.currentTarget &&","                    event.currentTarget.className &&","                    event.currentTarget.className.includes &&","                    event.currentTarget.className.includes('oneval')))) {","                // try to eval input-code","                try {","                    /*jslint evil: true*/","                    eval(document.querySelector('#inputTextareaEval1').value);","                } catch (errorCaught) {","                    console.error(errorCaught);","                }","            }","        };","        // log stderr and stdout to #outputTextareaStdout1","        ['error', 'log'].forEach(function (key) {","            console[key + '_original'] = console[key];","            console[key] = function () {","                var element;","                console[key + '_original'].apply(console, arguments);","                element = document.querySelector('#outputTextareaStdout1');","                if (!element) {","                    return;","                }","                // append text to #outputTextareaStdout1","                element.value += Array.from(arguments).map(function (arg) {","                    return typeof arg === 'string'","                        ? arg","                        : JSON.stringify(arg, null, 4);","                }).join(' ') + '\\n';","                // scroll textarea to bottom","                element.scrollTop = element.scrollHeight;","            };","        });","        // init event-handling","        ['change', 'click', 'keyup'].forEach(function (event) {","            Array.from(document.querySelectorAll('.on' + event)).forEach(function (element) {","                element.addEventListener(event, local.testRunBrowser);","            });","        });","        // run tests","        local.testRunBrowser();","        break;","","","","    // run node js-env code - init-after","    /* istanbul ignore next */","    case 'node':","        // export local","        module.exports = local;","        // require modules","        local.fs = require('fs');","        local.http = require('http');","        local.url = require('url');","        // init assets","        local.assetsDict = local.assetsDict || {};","        /* jslint-ignore-begin */","        local.assetsDict['/assets.index.template.html'] = '\\","<!doctype html>\\n\\","<html lang=\"en\">\\n\\","<head>\\n\\","<meta charset=\"UTF-8\">\\n\\","<meta name=\"viewport\" content=\"width=device-width, initial-scale=1\">\\n\\","<title>{{env.npm_package_name}} (v{{env.npm_package_version}})</title>\\n\\","<style>\\n\\","/*csslint\\n\\","    box-sizing: false,\\n\\","    universal-selector: false\\n\\","*/\\n\\","* {\\n\\","    box-sizing: border-box;\\n\\","}\\n\\","body {\\n\\","    background: #dde;\\n\\","    font-family: Arial, Helvetica, sans-serif;\\n\\","    margin: 2rem;\\n\\","}\\n\\","body > * {\\n\\","    margin-bottom: 1rem;\\n\\","}\\n\\",".utility2FooterDiv {\\n\\","    margin-top: 20px;\\n\\","    text-align: center;\\n\\","}\\n\\","</style>\\n\\","<style>\\n\\","/*csslint\\n\\","*/\\n\\","textarea {\\n\\","    font-family: monospace;\\n\\","    height: 10rem;\\n\\","    width: 100%;\\n\\","}\\n\\","textarea[readonly] {\\n\\","    background: #ddd;\\n\\","}\\n\\","</style>\\n\\","</head>\\n\\","<body>\\n\\","<!-- utility2-comment\\n\\","<div id=\"ajaxProgressDiv1\" style=\"background: #d00; height: 2px; left: 0; margin: 0; padding: 0; position: fixed; top: 0; transition: background 0.5s, width 1.5s; width: 25%;\"></div>\\n\\","utility2-comment -->\\n\\","<h1>\\n\\","<!-- utility2-comment\\n\\","    <a\\n\\","        {{#if env.npm_package_homepage}}\\n\\","        href=\"{{env.npm_package_homepage}}\"\\n\\","        {{/if env.npm_package_homepage}}\\n\\","        target=\"_blank\"\\n\\","    >\\n\\","utility2-comment -->\\n\\","        {{env.npm_package_name}} (v{{env.npm_package_version}})\\n\\","<!-- utility2-comment\\n\\","    </a>\\n\\","utility2-comment -->\\n\\","</h1>\\n\\","<h3>{{env.npm_package_description}}</h3>\\n\\","<!-- utility2-comment\\n\\","<h4><a download href=\"assets.app.js\">download standalone app</a></h4>\\n\\","<button class=\"onclick onreset\" id=\"testRunButton1\">run internal test</button><br>\\n\\","<div id=\"testReportDiv1\" style=\"display: none;\"></div>\\n\\","utility2-comment -->\\n\\","\\n\\","\\n\\","\\n\\","<label>stderr and stdout</label>\\n\\","<textarea class=\"resettable\" id=\"outputTextareaStdout1\" readonly></textarea>\\n\\","<!-- utility2-comment\\n\\","{{#if isRollup}}\\n\\","<script src=\"assets.app.js\"></script>\\n\\","{{#unless isRollup}}\\n\\","utility2-comment -->\\n\\","<script src=\"assets.utility2.rollup.js\"></script>\\n\\","<script src=\"jsonp.utility2._stateInit?callback=window.utility2._stateInit\"></script>\\n\\","<script src=\"assets.npmtest_core_decorators.rollup.js\"></script>\\n\\","<script src=\"assets.example.js\"></script>\\n\\","<script src=\"assets.test.js\"></script>\\n\\","<!-- utility2-comment\\n\\","{{/if isRollup}}\\n\\","utility2-comment -->\\n\\","<div class=\"utility2FooterDiv\">\\n\\","    [ this app was created with\\n\\","    <a href=\"https://github.com/kaizhu256/node-utility2\" target=\"_blank\">utility2</a>\\n\\","    ]\\n\\","</div>\\n\\","</body>\\n\\","</html>\\n\\","';","        /* jslint-ignore-end */","        if (local.templateRender) {","            local.assetsDict['/'] = local.templateRender(","                local.assetsDict['/assets.index.template.html'],","                {","                    env: local.objectSetDefault(local.env, {","                        npm_package_description: 'the greatest app in the world!',","                        npm_package_name: 'my-app',","                        npm_package_nameAlias: 'my_app',","                        npm_package_version: '0.0.1'","                    })","                }","            );","        } else {","            local.assetsDict['/'] = local.assetsDict['/assets.index.template.html']","                .replace((/\\{\\{env\\.(\\w+?)\\}\\}/g), function (match0, match1) {","                    // jslint-hack","                    String(match0);","                    switch (match1) {","                    case 'npm_package_description':","                        return 'the greatest app in the world!';","                    case 'npm_package_name':","                        return 'my-app';","                    case 'npm_package_nameAlias':","                        return 'my_app';","                    case 'npm_package_version':","                        return '0.0.1';","                    }","                });","        }","        // run the cli","        if (local.global.utility2_rollup || module !== require.main) {","            break;","        }","        local.assetsDict['/assets.example.js'] =","            local.assetsDict['/assets.example.js'] ||","            local.fs.readFileSync(__filename, 'utf8');","        // bug-workaround - long $npm_package_buildCustomOrg","        /* jslint-ignore-begin */","        local.assetsDict['/assets.npmtest_core_decorators.rollup.js'] =","            local.assetsDict['/assets.npmtest_core_decorators.rollup.js'] ||","            local.fs.readFileSync(","                local.npmtest_core_decorators.__dirname + '/lib.npmtest_core_decorators.js',","                'utf8'","            ).replace((/^#!/), '//');","        /* jslint-ignore-end */","        local.assetsDict['/favicon.ico'] = local.assetsDict['/favicon.ico'] || '';","        // if $npm_config_timeout_exit exists,","        // then exit this process after $npm_config_timeout_exit ms","        if (Number(process.env.npm_config_timeout_exit)) {","            setTimeout(process.exit, Number(process.env.npm_config_timeout_exit));","        }","        // start server","        if (local.global.utility2_serverHttp1) {","            break;","        }","        process.env.PORT = process.env.PORT || '8081';","        console.error('server starting on port ' + process.env.PORT);","        local.http.createServer(function (request, response) {","            request.urlParsed = local.url.parse(request.url);","            if (local.assetsDict[request.urlParsed.pathname] !== undefined) {","                response.end(local.assetsDict[request.urlParsed.pathname]);","                return;","            }","            response.statusCode = 404;","            response.end();","        }).listen(process.env.PORT);","        break;","    }","}());",""],"l":{"26":2,"28":2,"33":2,"35":2,"37":2,"38":2,"39":2,"44":1,"51":2,"55":2,"59":2,"61":2,"69":1,"70":2,"76":2,"79":2,"82":2,"83":2,"85":1,"89":2,"92":1,"93":1,"94":1,"96":1,"97":1,"100":1,"101":1,"103":1,"106":1,"108":2,"114":1,"116":1,"118":1,"123":1,"124":2,"125":2,"126":3,"127":3,"128":3,"129":3,"130":1,"133":3,"134":3,"139":3,"143":1,"144":3,"145":1,"149":1,"150":1,"158":1,"160":1,"161":1,"162":1,"164":1,"166":1,"258":1,"259":1,"271":1,"274":6,"275":6,"277":1,"279":2,"281":1,"283":2,"288":1,"289":1,"291":1,"296":1,"303":1,"306":1,"307":1,"310":1,"311":1,"313":1,"314":1,"315":1,"316":1,"317":1,"318":1,"319":1,"321":1,"322":1,"324":1}},"/home/travis/build/npmtest/node-npmtest-core-decorators/node_modules/core-decorators/lib/core-decorators.js":{"path":"/home/travis/build/npmtest/node-npmtest-core-decorators/node_modules/core-decorators/lib/core-decorators.js","s":{"1":1,"2":1,"3":1,"4":2,"5":1,"6":1,"7":2,"8":1,"9":2,"10":1,"11":1,"12":2,"13":1,"14":1,"15":2,"16":1,"17":1,"18":2,"19":1,"20":1,"21":2,"22":1,"23":1,"24":2,"25":1,"26":1,"27":2,"28":1,"29":1,"30":2,"31":1,"32":1,"33":2,"34":1,"35":1,"36":2,"37":1,"38":1,"39":2,"40":1,"41":1,"42":2,"43":1,"44":2,"45":1,"46":1,"47":2,"48":1,"49":1,"50":2,"51":1,"52":1,"53":2,"54":1,"55":1,"56":2,"57":1,"58":1,"59":2,"60":1,"61":40},"b":{"1":[40,0],"2":[40,40]},"f":{"1":2,"2":2,"3":2,"4":2,"5":2,"6":2,"7":2,"8":2,"9":2,"10":2,"11":2,"12":2,"13":2,"14":2,"15":2,"16":2,"17":2,"18":2,"19":2,"20":2,"21":40},"fnMap":{"1":{"name":"get","line":11,"loc":{"start":{"line":11,"column":7},"end":{"line":11,"column":22}}},"2":{"name":"get","line":20,"loc":{"start":{"line":20,"column":7},"end":{"line":20,"column":22}}},"3":{"name":"get","line":26,"loc":{"start":{"line":26,"column":7},"end":{"line":26,"column":22}}},"4":{"name":"get","line":35,"loc":{"start":{"line":35,"column":7},"end":{"line":35,"column":22}}},"5":{"name":"get","line":44,"loc":{"start":{"line":44,"column":7},"end":{"line":44,"column":22}}},"6":{"name":"get","line":53,"loc":{"start":{"line":53,"column":7},"end":{"line":53,"column":22}}},"7":{"name":"get","line":62,"loc":{"start":{"line":62,"column":7},"end":{"line":62,"column":22}}},"8":{"name":"get","line":71,"loc":{"start":{"line":71,"column":7},"end":{"line":71,"column":22}}},"9":{"name":"get","line":80,"loc":{"start":{"line":80,"column":7},"end":{"line":80,"column":22}}},"10":{"name":"get","line":89,"loc":{"start":{"line":89,"column":7},"end":{"line":89,"column":22}}},"11":{"name":"get","line":98,"loc":{"start":{"line":98,"column":7},"end":{"line":98,"column":22}}},"12":{"name":"get","line":107,"loc":{"start":{"line":107,"column":7},"end":{"line":107,"column":22}}},"13":{"name":"get","line":116,"loc":{"start":{"line":116,"column":7},"end":{"line":116,"column":22}}},"14":{"name":"get","line":125,"loc":{"start":{"line":125,"column":7},"end":{"line":125,"column":22}}},"15":{"name":"get","line":131,"loc":{"start":{"line":131,"column":7},"end":{"line":131,"column":22}}},"16":{"name":"get","line":140,"loc":{"start":{"line":140,"column":7},"end":{"line":140,"column":22}}},"17":{"name":"get","line":149,"loc":{"start":{"line":149,"column":7},"end":{"line":149,"column":22}}},"18":{"name":"get","line":158,"loc":{"start":{"line":158,"column":7},"end":{"line":158,"column":22}}},"19":{"name":"get","line":167,"loc":{"start":{"line":167,"column":7},"end":{"line":167,"column":22}}},"20":{"name":"get","line":176,"loc":{"start":{"line":176,"column":7},"end":{"line":176,"column":22}}},"21":{"name":"_interopRequireDefault","line":181,"loc":{"start":{"line":181,"column":0},"end":{"line":181,"column":37}}}},"statementMap":{"1":{"start":{"line":3,"column":0},"end":{"line":5,"column":3}},"2":{"start":{"line":7,"column":0},"end":{"line":7,"column":38}},"3":{"start":{"line":9,"column":0},"end":{"line":14,"column":3}},"4":{"start":{"line":12,"column":4},"end":{"line":12,"column":53}},"5":{"start":{"line":16,"column":0},"end":{"line":16,"column":40}},"6":{"start":{"line":18,"column":0},"end":{"line":23,"column":3}},"7":{"start":{"line":21,"column":4},"end":{"line":21,"column":54}},"8":{"start":{"line":24,"column":0},"end":{"line":29,"column":3}},"9":{"start":{"line":27,"column":4},"end":{"line":27,"column":54}},"10":{"start":{"line":31,"column":0},"end":{"line":31,"column":55}},"11":{"start":{"line":33,"column":0},"end":{"line":38,"column":3}},"12":{"start":{"line":36,"column":4},"end":{"line":36,"column":61}},"13":{"start":{"line":40,"column":0},"end":{"line":40,"column":36}},"14":{"start":{"line":42,"column":0},"end":{"line":47,"column":3}},"15":{"start":{"line":45,"column":4},"end":{"line":45,"column":52}},"16":{"start":{"line":49,"column":0},"end":{"line":49,"column":38}},"17":{"start":{"line":51,"column":0},"end":{"line":56,"column":3}},"18":{"start":{"line":54,"column":4},"end":{"line":54,"column":53}},"19":{"start":{"line":58,"column":0},"end":{"line":58,"column":38}},"20":{"start":{"line":60,"column":0},"end":{"line":65,"column":3}},"21":{"start":{"line":63,"column":4},"end":{"line":63,"column":53}},"22":{"start":{"line":67,"column":0},"end":{"line":67,"column":42}},"23":{"start":{"line":69,"column":0},"end":{"line":74,"column":3}},"24":{"start":{"line":72,"column":4},"end":{"line":72,"column":55}},"25":{"start":{"line":76,"column":0},"end":{"line":76,"column":48}},"26":{"start":{"line":78,"column":0},"end":{"line":83,"column":3}},"27":{"start":{"line":81,"column":4},"end":{"line":81,"column":58}},"28":{"start":{"line":85,"column":0},"end":{"line":85,"column":52}},"29":{"start":{"line":87,"column":0},"end":{"line":92,"column":3}},"30":{"start":{"line":90,"column":4},"end":{"line":90,"column":60}},"31":{"start":{"line":94,"column":0},"end":{"line":94,"column":38}},"32":{"start":{"line":96,"column":0},"end":{"line":101,"column":3}},"33":{"start":{"line":99,"column":4},"end":{"line":99,"column":53}},"34":{"start":{"line":103,"column":0},"end":{"line":103,"column":38}},"35":{"start":{"line":105,"column":0},"end":{"line":110,"column":3}},"36":{"start":{"line":108,"column":4},"end":{"line":108,"column":53}},"37":{"start":{"line":112,"column":0},"end":{"line":112,"column":38}},"38":{"start":{"line":114,"column":0},"end":{"line":119,"column":3}},"39":{"start":{"line":117,"column":4},"end":{"line":117,"column":53}},"40":{"start":{"line":121,"column":0},"end":{"line":121,"column":32}},"41":{"start":{"line":123,"column":0},"end":{"line":128,"column":3}},"42":{"start":{"line":126,"column":4},"end":{"line":126,"column":50}},"43":{"start":{"line":129,"column":0},"end":{"line":134,"column":3}},"44":{"start":{"line":132,"column":4},"end":{"line":132,"column":50}},"45":{"start":{"line":136,"column":0},"end":{"line":136,"column":51}},"46":{"start":{"line":138,"column":0},"end":{"line":143,"column":3}},"47":{"start":{"line":141,"column":4},"end":{"line":141,"column":59}},"48":{"start":{"line":145,"column":0},"end":{"line":145,"column":30}},"49":{"start":{"line":147,"column":0},"end":{"line":152,"column":3}},"50":{"start":{"line":150,"column":4},"end":{"line":150,"column":49}},"51":{"start":{"line":154,"column":0},"end":{"line":154,"column":54}},"52":{"start":{"line":156,"column":0},"end":{"line":161,"column":3}},"53":{"start":{"line":159,"column":4},"end":{"line":159,"column":61}},"54":{"start":{"line":163,"column":0},"end":{"line":163,"column":36}},"55":{"start":{"line":165,"column":0},"end":{"line":170,"column":3}},"56":{"start":{"line":168,"column":4},"end":{"line":168,"column":52}},"57":{"start":{"line":172,"column":0},"end":{"line":172,"column":52}},"58":{"start":{"line":174,"column":0},"end":{"line":179,"column":3}},"59":{"start":{"line":177,"column":4},"end":{"line":177,"column":60}},"60":{"start":{"line":181,"column":0},"end":{"line":181,"column":95}},"61":{"start":{"line":181,"column":39},"end":{"line":181,"column":93}}},"branchMap":{"1":{"line":181,"type":"cond-expr","locations":[{"start":{"line":181,"column":70},"end":{"line":181,"column":73}},{"start":{"line":181,"column":76},"end":{"line":181,"column":92}}]},"2":{"line":181,"type":"binary-expr","locations":[{"start":{"line":181,"column":46},"end":{"line":181,"column":49}},{"start":{"line":181,"column":53},"end":{"line":181,"column":67}}]}},"code":["'use strict';","","Object.defineProperty(exports, \"__esModule\", {","  value: true","});","","var _override = require('./override');","","Object.defineProperty(exports, 'override', {","  enumerable: true,","  get: function get() {","    return _interopRequireDefault(_override).default;","  }","});","","var _deprecate = require('./deprecate');","","Object.defineProperty(exports, 'deprecate', {","  enumerable: true,","  get: function get() {","    return _interopRequireDefault(_deprecate).default;","  }","});","Object.defineProperty(exports, 'deprecated', {","  enumerable: true,","  get: function get() {","    return _interopRequireDefault(_deprecate).default;","  }","});","","var _suppressWarnings = require('./suppress-warnings');","","Object.defineProperty(exports, 'suppressWarnings', {","  enumerable: true,","  get: function get() {","    return _interopRequireDefault(_suppressWarnings).default;","  }","});","","var _memoize = require('./memoize');","","Object.defineProperty(exports, 'memoize', {","  enumerable: true,","  get: function get() {","    return _interopRequireDefault(_memoize).default;","  }","});","","var _autobind = require('./autobind');","","Object.defineProperty(exports, 'autobind', {","  enumerable: true,","  get: function get() {","    return _interopRequireDefault(_autobind).default;","  }","});","","var _readonly = require('./readonly');","","Object.defineProperty(exports, 'readonly', {","  enumerable: true,","  get: function get() {","    return _interopRequireDefault(_readonly).default;","  }","});","","var _enumerable = require('./enumerable');","","Object.defineProperty(exports, 'enumerable', {","  enumerable: true,","  get: function get() {","    return _interopRequireDefault(_enumerable).default;","  }","});","","var _nonenumerable = require('./nonenumerable');","","Object.defineProperty(exports, 'nonenumerable', {","  enumerable: true,","  get: function get() {","    return _interopRequireDefault(_nonenumerable).default;","  }","});","","var _nonconfigurable = require('./nonconfigurable');","","Object.defineProperty(exports, 'nonconfigurable', {","  enumerable: true,","  get: function get() {","    return _interopRequireDefault(_nonconfigurable).default;","  }","});","","var _debounce = require('./debounce');","","Object.defineProperty(exports, 'debounce', {","  enumerable: true,","  get: function get() {","    return _interopRequireDefault(_debounce).default;","  }","});","","var _throttle = require('./throttle');","","Object.defineProperty(exports, 'throttle', {","  enumerable: true,","  get: function get() {","    return _interopRequireDefault(_throttle).default;","  }","});","","var _decorate = require('./decorate');","","Object.defineProperty(exports, 'decorate', {","  enumerable: true,","  get: function get() {","    return _interopRequireDefault(_decorate).default;","  }","});","","var _mixin = require('./mixin');","","Object.defineProperty(exports, 'mixin', {","  enumerable: true,","  get: function get() {","    return _interopRequireDefault(_mixin).default;","  }","});","Object.defineProperty(exports, 'mixins', {","  enumerable: true,","  get: function get() {","    return _interopRequireDefault(_mixin).default;","  }","});","","var _lazyInitialize = require('./lazy-initialize');","","Object.defineProperty(exports, 'lazyInitialize', {","  enumerable: true,","  get: function get() {","    return _interopRequireDefault(_lazyInitialize).default;","  }","});","","var _time = require('./time');","","Object.defineProperty(exports, 'time', {","  enumerable: true,","  get: function get() {","    return _interopRequireDefault(_time).default;","  }","});","","var _extendDescriptor = require('./extendDescriptor');","","Object.defineProperty(exports, 'extendDescriptor', {","  enumerable: true,","  get: function get() {","    return _interopRequireDefault(_extendDescriptor).default;","  }","});","","var _profile = require('./profile');","","Object.defineProperty(exports, 'profile', {","  enumerable: true,","  get: function get() {","    return _interopRequireDefault(_profile).default;","  }","});","","var _applyDecorators = require('./applyDecorators');","","Object.defineProperty(exports, 'applyDecorators', {","  enumerable: true,","  get: function get() {","    return _interopRequireDefault(_applyDecorators).default;","  }","});","","function _interopRequireDefault(obj) { return obj && obj.__esModule ? obj : { default: obj }; }"],"l":{"3":1,"7":1,"9":1,"12":2,"16":1,"18":1,"21":2,"24":1,"27":2,"31":1,"33":1,"36":2,"40":1,"42":1,"45":2,"49":1,"51":1,"54":2,"58":1,"60":1,"63":2,"67":1,"69":1,"72":2,"76":1,"78":1,"81":2,"85":1,"87":1,"90":2,"94":1,"96":1,"99":2,"103":1,"105":1,"108":2,"112":1,"114":1,"117":2,"121":1,"123":1,"126":2,"129":1,"132":2,"136":1,"138":1,"141":2,"145":1,"147":1,"150":2,"154":1,"156":1,"159":2,"163":1,"165":1,"168":2,"172":1,"174":1,"177":2,"181":40}},"/home/travis/build/npmtest/node-npmtest-core-decorators/node_modules/core-decorators/lib/override.js":{"path":"/home/travis/build/npmtest/node-npmtest-core-decorators/node_modules/core-decorators/lib/override.js","s":{"1":1,"2":1,"3":0,"4":0,"5":1,"6":1,"7":2,"8":12,"9":12,"10":12,"11":12,"12":5,"13":12,"14":1,"15":2,"16":2,"17":2,"18":0,"19":2,"20":1,"21":1,"22":1,"23":0,"24":0,"25":1,"26":1,"27":1,"28":1,"29":0,"30":0,"31":0,"32":0,"33":0,"34":0,"35":0,"36":0,"37":0,"38":0,"39":0,"40":0,"41":0,"42":0,"43":0,"44":0,"45":0,"46":0,"47":0,"48":0,"49":0,"50":0,"51":0,"52":1,"53":0,"54":0,"55":0,"56":0,"57":0,"58":1,"59":0,"60":0,"61":0,"62":0,"63":0,"64":0,"65":0,"66":0,"67":1,"68":1,"69":0,"70":0,"71":0,"72":0,"73":0,"74":1,"75":0,"76":1,"77":0,"78":0,"79":0,"80":0,"81":0,"82":0,"83":0,"84":0,"85":0,"86":0,"87":0,"88":0,"89":0,"90":1,"91":0,"92":0,"93":0,"94":0,"95":0,"96":0,"97":0,"98":0,"99":0,"100":0,"101":0,"102":0,"103":0,"104":0,"105":0,"106":0,"107":1,"108":0,"109":0,"110":0,"111":0,"112":0,"113":0,"114":0,"115":0,"116":0,"117":1,"118":0,"119":0,"120":0,"121":0,"122":0,"123":1,"124":0,"125":0,"126":0,"127":0,"128":0,"129":0,"130":1,"131":0,"132":0,"133":0,"134":0,"135":0,"136":0,"137":0,"138":0,"139":0,"140":0,"141":1,"142":0,"143":0,"144":0},"b":{"1":[1,0],"2":[1,1],"3":[0,0],"4":[0,0,0,0],"5":[12,12],"6":[5,7],"7":[2,0],"8":[0,2],"9":[0,0],"10":[0,0],"11":[0,0],"12":[0,0],"13":[0,0],"14":[0,0],"15":[0,0],"16":[0,0],"17":[0,0],"18":[0,0],"19":[0,0],"20":[0,0],"21":[0,0],"22":[0,0],"23":[0,0],"24":[0,0],"25":[0,0],"26":[0,0],"27":[0,0],"28":[0,0],"29":[0,0],"30":[0,0],"31":[0,0],"32":[0,0],"33":[0,0],"34":[0,0],"35":[0,0],"36":[0,0],"37":[0,0],"38":[0,0],"39":[0,0],"40":[0,0],"41":[0,0],"42":[0,0],"43":[0,0],"44":[0,0],"45":[0,0],"46":[0,0],"47":[0,0]},"f":{"1":0,"2":0,"3":1,"4":2,"5":2,"6":0,"7":1,"8":0,"9":0,"10":0,"11":0,"12":0,"13":0,"14":0,"15":0,"16":0,"17":0,"18":0,"19":0,"20":0,"21":0,"22":0,"23":0,"24":0,"25":0,"26":0,"27":0,"28":0,"29":0,"30":0,"31":0,"32":0,"33":0,"34":0,"35":0,"36":0},"fnMap":{"1":{"name":"(anonymous_1)","line":7,"loc":{"start":{"line":7,"column":84},"end":{"line":7,"column":99}}},"2":{"name":"(anonymous_2)","line":7,"loc":{"start":{"line":7,"column":124},"end":{"line":7,"column":139}}},"3":{"name":"(anonymous_3)","line":9,"loc":{"start":{"line":9,"column":19},"end":{"line":9,"column":31}}},"4":{"name":"defineProperties","line":9,"loc":{"start":{"line":9,"column":33},"end":{"line":9,"column":74}}},"5":{"name":"(anonymous_5)","line":9,"loc":{"start":{"line":9,"column":357},"end":{"line":9,"column":405}}},"6":{"name":"_classCallCheck","line":15,"loc":{"start":{"line":15,"column":0},"end":{"line":15,"column":48}}},"7":{"name":"(anonymous_7)","line":20,"loc":{"start":{"line":20,"column":26},"end":{"line":20,"column":38}}},"8":{"name":"_getTopic","line":23,"loc":{"start":{"line":23,"column":11},"end":{"line":23,"column":42}}},"9":{"name":"_extractTopicSignature","line":42,"loc":{"start":{"line":42,"column":11},"end":{"line":42,"column":50}}},"10":{"name":"_extractFunctionSignature","line":52,"loc":{"start":{"line":52,"column":11},"end":{"line":52,"column":50}}},"11":{"name":"(anonymous_11)","line":55,"loc":{"start":{"line":55,"column":52},"end":{"line":55,"column":69}}},"12":{"name":"get","line":63,"loc":{"start":{"line":63,"column":9},"end":{"line":63,"column":24}}},"13":{"name":"get","line":68,"loc":{"start":{"line":68,"column":9},"end":{"line":68,"column":24}}},"14":{"name":"get","line":73,"loc":{"start":{"line":73,"column":9},"end":{"line":73,"column":24}}},"15":{"name":"get","line":78,"loc":{"start":{"line":78,"column":9},"end":{"line":78,"column":24}}},"16":{"name":"get","line":83,"loc":{"start":{"line":83,"column":9},"end":{"line":83,"column":24}}},"17":{"name":"get","line":88,"loc":{"start":{"line":88,"column":9},"end":{"line":88,"column":24}}},"18":{"name":"get","line":93,"loc":{"start":{"line":93,"column":9},"end":{"line":93,"column":24}}},"19":{"name":"SyntaxErrorReporter","line":98,"loc":{"start":{"line":98,"column":2},"end":{"line":98,"column":91}}},"20":{"name":"assert","line":109,"loc":{"start":{"line":109,"column":11},"end":{"line":109,"column":38}}},"21":{"name":"error","line":118,"loc":{"start":{"line":118,"column":11},"end":{"line":118,"column":31}}},"22":{"name":"(anonymous_22)","line":124,"loc":{"start":{"line":124,"column":27},"end":{"line":124,"column":40}}},"23":{"name":"(anonymous_23)","line":126,"loc":{"start":{"line":126,"column":28},"end":{"line":126,"column":41}}},"24":{"name":"getDescriptorType","line":136,"loc":{"start":{"line":136,"column":0},"end":{"line":136,"column":39}}},"25":{"name":"checkFunctionSignatures","line":150,"loc":{"start":{"line":150,"column":0},"end":{"line":150,"column":58}}},"26":{"name":"checkDataDescriptors","line":154,"loc":{"start":{"line":154,"column":0},"end":{"line":154,"column":55}}},"27":{"name":"checkAccessorDescriptors","line":190,"loc":{"start":{"line":190,"column":0},"end":{"line":190,"column":59}}},"28":{"name":"checkDescriptors","line":221,"loc":{"start":{"line":221,"column":0},"end":{"line":221,"column":51}}},"29":{"name":"(anonymous_29)","line":240,"loc":{"start":{"line":240,"column":28},"end":{"line":240,"column":43}}},"30":{"name":"(anonymous_30)","line":242,"loc":{"start":{"line":242,"column":3},"end":{"line":242,"column":18}}},"31":{"name":"(anonymous_31)","line":244,"loc":{"start":{"line":244,"column":3},"end":{"line":244,"column":18}}},"32":{"name":"(anonymous_32)","line":246,"loc":{"start":{"line":246,"column":3},"end":{"line":246,"column":18}}},"33":{"name":"(anonymous_33)","line":248,"loc":{"start":{"line":248,"column":3},"end":{"line":248,"column":18}}},"34":{"name":"findPossibleAlternatives","line":252,"loc":{"start":{"line":252,"column":0},"end":{"line":252,"column":51}}},"35":{"name":"handleDescriptor","line":265,"loc":{"start":{"line":265,"column":0},"end":{"line":265,"column":51}}},"36":{"name":"override","line":282,"loc":{"start":{"line":282,"column":0},"end":{"line":282,"column":20}}}},"statementMap":{"1":{"start":{"line":3,"column":0},"end":{"line":5,"column":3}},"2":{"start":{"line":7,"column":0},"end":{"line":7,"column":269}},"3":{"start":{"line":7,"column":101},"end":{"line":7,"column":119}},"4":{"start":{"line":7,"column":141},"end":{"line":7,"column":266}},"5":{"start":{"line":9,"column":0},"end":{"line":9,"column":564}},"6":{"start":{"line":9,"column":33},"end":{"line":9,"column":349}},"7":{"start":{"line":9,"column":76},"end":{"line":9,"column":347}},"8":{"start":{"line":9,"column":117},"end":{"line":9,"column":143}},"9":{"start":{"line":9,"column":144},"end":{"line":9,"column":199}},"10":{"start":{"line":9,"column":200},"end":{"line":9,"column":231}},"11":{"start":{"line":9,"column":232},"end":{"line":9,"column":286}},"12":{"start":{"line":9,"column":259},"end":{"line":9,"column":286}},"13":{"start":{"line":9,"column":287},"end":{"line":9,"column":345}},"14":{"start":{"line":9,"column":350},"end":{"line":9,"column":559}},"15":{"start":{"line":9,"column":407},"end":{"line":9,"column":475}},"16":{"start":{"line":9,"column":423},"end":{"line":9,"column":475}},"17":{"start":{"line":9,"column":476},"end":{"line":9,"column":536}},"18":{"start":{"line":9,"column":493},"end":{"line":9,"column":536}},"19":{"start":{"line":9,"column":537},"end":{"line":9,"column":556}},"20":{"start":{"line":11,"column":0},"end":{"line":11,"column":27}},"21":{"start":{"line":13,"column":0},"end":{"line":13,"column":40}},"22":{"start":{"line":15,"column":0},"end":{"line":15,"column":153}},"23":{"start":{"line":15,"column":50},"end":{"line":15,"column":151}},"24":{"start":{"line":15,"column":92},"end":{"line":15,"column":149}},"25":{"start":{"line":17,"column":0},"end":{"line":17,"column":75}},"26":{"start":{"line":18,"column":0},"end":{"line":18,"column":104}},"27":{"start":{"line":20,"column":0},"end":{"line":134,"column":4}},"28":{"start":{"line":21,"column":2},"end":{"line":96,"column":6}},"29":{"start":{"line":24,"column":6},"end":{"line":26,"column":7}},"30":{"start":{"line":25,"column":8},"end":{"line":25,"column":20}},"31":{"start":{"line":28,"column":6},"end":{"line":30,"column":7}},"32":{"start":{"line":29,"column":8},"end":{"line":29,"column":32}},"33":{"start":{"line":32,"column":6},"end":{"line":34,"column":7}},"34":{"start":{"line":33,"column":8},"end":{"line":33,"column":30}},"35":{"start":{"line":36,"column":6},"end":{"line":38,"column":7}},"36":{"start":{"line":37,"column":8},"end":{"line":37,"column":30}},"37":{"start":{"line":43,"column":6},"end":{"line":48,"column":7}},"38":{"start":{"line":45,"column":10},"end":{"line":45,"column":55}},"39":{"start":{"line":47,"column":10},"end":{"line":47,"column":26}},"40":{"start":{"line":53,"column":6},"end":{"line":53,"column":23}},"41":{"start":{"line":55,"column":6},"end":{"line":59,"column":9}},"42":{"start":{"line":56,"column":8},"end":{"line":56,"column":97}},"43":{"start":{"line":57,"column":8},"end":{"line":57,"column":34}},"44":{"start":{"line":58,"column":8},"end":{"line":58,"column":29}},"45":{"start":{"line":64,"column":6},"end":{"line":64,"column":38}},"46":{"start":{"line":69,"column":6},"end":{"line":69,"column":84}},"47":{"start":{"line":74,"column":6},"end":{"line":74,"column":82}},"48":{"start":{"line":79,"column":6},"end":{"line":79,"column":51}},"49":{"start":{"line":84,"column":6},"end":{"line":84,"column":50}},"50":{"start":{"line":89,"column":6},"end":{"line":89,"column":59}},"51":{"start":{"line":94,"column":6},"end":{"line":94,"column":58}},"52":{"start":{"line":98,"column":2},"end":{"line":105,"column":3}},"53":{"start":{"line":99,"column":4},"end":{"line":99,"column":47}},"54":{"start":{"line":101,"column":4},"end":{"line":101,"column":35}},"55":{"start":{"line":102,"column":4},"end":{"line":102,"column":33}},"56":{"start":{"line":103,"column":4},"end":{"line":103,"column":45}},"57":{"start":{"line":104,"column":4},"end":{"line":104,"column":43}},"58":{"start":{"line":107,"column":2},"end":{"line":131,"column":6}},"59":{"start":{"line":110,"column":6},"end":{"line":110,"column":87}},"60":{"start":{"line":112,"column":6},"end":{"line":114,"column":7}},"61":{"start":{"line":113,"column":8},"end":{"line":113,"column":49}},"62":{"start":{"line":119,"column":6},"end":{"line":119,"column":24}},"63":{"start":{"line":121,"column":6},"end":{"line":128,"column":9}},"64":{"start":{"line":125,"column":8},"end":{"line":125,"column":37}},"65":{"start":{"line":127,"column":8},"end":{"line":127,"column":36}},"66":{"start":{"line":129,"column":6},"end":{"line":129,"column":33}},"67":{"start":{"line":133,"column":2},"end":{"line":133,"column":29}},"68":{"start":{"line":136,"column":0},"end":{"line":148,"column":1}},"69":{"start":{"line":137,"column":2},"end":{"line":139,"column":3}},"70":{"start":{"line":138,"column":4},"end":{"line":138,"column":18}},"71":{"start":{"line":141,"column":2},"end":{"line":143,"column":3}},"72":{"start":{"line":142,"column":4},"end":{"line":142,"column":22}},"73":{"start":{"line":147,"column":2},"end":{"line":147,"column":16}},"74":{"start":{"line":150,"column":0},"end":{"line":152,"column":1}},"75":{"start":{"line":151,"column":2},"end":{"line":151,"column":50}},"76":{"start":{"line":154,"column":0},"end":{"line":188,"column":1}},"77":{"start":{"line":155,"column":2},"end":{"line":155,"column":46}},"78":{"start":{"line":156,"column":2},"end":{"line":156,"column":44}},"79":{"start":{"line":158,"column":2},"end":{"line":165,"column":3}},"80":{"start":{"line":164,"column":4},"end":{"line":164,"column":113}},"81":{"start":{"line":167,"column":2},"end":{"line":176,"column":3}},"82":{"start":{"line":168,"column":4},"end":{"line":168,"column":97}},"83":{"start":{"line":173,"column":4},"end":{"line":175,"column":5}},"84":{"start":{"line":174,"column":6},"end":{"line":174,"column":125}},"85":{"start":{"line":179,"column":2},"end":{"line":187,"column":3}},"86":{"start":{"line":181,"column":6},"end":{"line":181,"column":67}},"87":{"start":{"line":182,"column":6},"end":{"line":182,"column":12}},"88":{"start":{"line":185,"column":6},"end":{"line":185,"column":141}},"89":{"start":{"line":186,"column":6},"end":{"line":186,"column":12}},"90":{"start":{"line":190,"column":0},"end":{"line":219,"column":1}},"91":{"start":{"line":191,"column":2},"end":{"line":191,"column":57}},"92":{"start":{"line":192,"column":2},"end":{"line":192,"column":55}},"93":{"start":{"line":193,"column":2},"end":{"line":193,"column":57}},"94":{"start":{"line":194,"column":2},"end":{"line":194,"column":55}},"95":{"start":{"line":196,"column":2},"end":{"line":206,"column":3}},"96":{"start":{"line":197,"column":4},"end":{"line":199,"column":5}},"97":{"start":{"line":198,"column":6},"end":{"line":198,"column":65}},"98":{"start":{"line":201,"column":4},"end":{"line":203,"column":5}},"99":{"start":{"line":202,"column":6},"end":{"line":202,"column":65}},"100":{"start":{"line":205,"column":4},"end":{"line":205,"column":61}},"101":{"start":{"line":208,"column":2},"end":{"line":218,"column":3}},"102":{"start":{"line":209,"column":4},"end":{"line":211,"column":5}},"103":{"start":{"line":210,"column":6},"end":{"line":210,"column":65}},"104":{"start":{"line":213,"column":4},"end":{"line":215,"column":5}},"105":{"start":{"line":214,"column":6},"end":{"line":214,"column":65}},"106":{"start":{"line":217,"column":4},"end":{"line":217,"column":61}},"107":{"start":{"line":221,"column":0},"end":{"line":238,"column":1}},"108":{"start":{"line":222,"column":2},"end":{"line":222,"column":45}},"109":{"start":{"line":223,"column":2},"end":{"line":223,"column":43}},"110":{"start":{"line":225,"column":2},"end":{"line":227,"column":3}},"111":{"start":{"line":226,"column":4},"end":{"line":226,"column":118}},"112":{"start":{"line":229,"column":2},"end":{"line":237,"column":3}},"113":{"start":{"line":231,"column":6},"end":{"line":231,"column":52}},"114":{"start":{"line":232,"column":6},"end":{"line":232,"column":12}},"115":{"start":{"line":235,"column":6},"end":{"line":235,"column":56}},"116":{"start":{"line":236,"column":6},"end":{"line":236,"column":12}},"117":{"start":{"line":240,"column":0},"end":{"line":250,"column":3}},"118":{"start":{"line":241,"column":2},"end":{"line":241,"column":27}},"119":{"start":{"line":243,"column":2},"end":{"line":243,"column":27}},"120":{"start":{"line":245,"column":2},"end":{"line":245,"column":19}},"121":{"start":{"line":247,"column":2},"end":{"line":247,"column":26}},"122":{"start":{"line":249,"column":2},"end":{"line":249,"column":34}},"123":{"start":{"line":252,"column":0},"end":{"line":263,"column":1}},"124":{"start":{"line":253,"column":2},"end":{"line":260,"column":3}},"125":{"start":{"line":254,"column":4},"end":{"line":254,"column":37}},"126":{"start":{"line":255,"column":4},"end":{"line":255,"column":29}},"127":{"start":{"line":257,"column":4},"end":{"line":259,"column":5}},"128":{"start":{"line":258,"column":6},"end":{"line":258,"column":24}},"129":{"start":{"line":262,"column":2},"end":{"line":262,"column":14}},"130":{"start":{"line":265,"column":0},"end":{"line":280,"column":1}},"131":{"start":{"line":266,"column":2},"end":{"line":266,"column":23}},"132":{"start":{"line":267,"column":2},"end":{"line":267,"column":49}},"133":{"start":{"line":268,"column":2},"end":{"line":268,"column":73}},"134":{"start":{"line":269,"column":2},"end":{"line":269,"column":90}},"135":{"start":{"line":271,"column":2},"end":{"line":275,"column":3}},"136":{"start":{"line":272,"column":4},"end":{"line":272,"column":65}},"137":{"start":{"line":273,"column":4},"end":{"line":273,"column":86}},"138":{"start":{"line":274,"column":4},"end":{"line":274,"column":100}},"139":{"start":{"line":277,"column":2},"end":{"line":277,"column":58}},"140":{"start":{"line":279,"column":2},"end":{"line":279,"column":20}},"141":{"start":{"line":282,"column":0},"end":{"line":288,"column":1}},"142":{"start":{"line":283,"column":2},"end":{"line":285,"column":3}},"143":{"start":{"line":284,"column":4},"end":{"line":284,"column":33}},"144":{"start":{"line":287,"column":2},"end":{"line":287,"column":54}}},"branchMap":{"1":{"line":7,"type":"cond-expr","locations":[{"start":{"line":7,"column":84},"end":{"line":7,"column":121}},{"start":{"line":7,"column":124},"end":{"line":7,"column":268}}]},"2":{"line":7,"type":"binary-expr","locations":[{"start":{"line":7,"column":14},"end":{"line":7,"column":42}},{"start":{"line":7,"column":46},"end":{"line":7,"column":81}}]},"3":{"line":7,"type":"cond-expr","locations":[{"start":{"line":7,"column":244},"end":{"line":7,"column":252}},{"start":{"line":7,"column":255},"end":{"line":7,"column":265}}]},"4":{"line":7,"type":"binary-expr","locations":[{"start":{"line":7,"column":148},"end":{"line":7,"column":151}},{"start":{"line":7,"column":155},"end":{"line":7,"column":183}},{"start":{"line":7,"column":187},"end":{"line":7,"column":213}},{"start":{"line":7,"column":217},"end":{"line":7,"column":241}}]},"5":{"line":9,"type":"binary-expr","locations":[{"start":{"line":9,"column":168},"end":{"line":9,"column":189}},{"start":{"line":9,"column":193},"end":{"line":9,"column":198}}]},"6":{"line":9,"type":"if","locations":[{"start":{"line":9,"column":232},"end":{"line":9,"column":232}},{"start":{"line":9,"column":232},"end":{"line":9,"column":232}}]},"7":{"line":9,"type":"if","locations":[{"start":{"line":9,"column":407},"end":{"line":9,"column":407}},{"start":{"line":9,"column":407},"end":{"line":9,"column":407}}]},"8":{"line":9,"type":"
[...]
an only be used on functions, not: ' + fn);","  }","","  return _extends({}, descriptor, {","    value: function value() {","      var label = prefix + '-' + count;","      count++;","      console.time(label);","","      try {","        return fn.apply(this, arguments);","      } finally {","        console.timeEnd(label);","      }","    }","  });","}","","function time() {","  for (var _len = arguments.length, args = Array(_len), _key = 0; _key < _len; _key++) {","    args[_key] = arguments[_key];","  }","","  return (0, _utils.decorate)(handleDescriptor, args);","}"],"l":{"3":1,"6":1,"8":1,"10":1,"12":1,"14":1,"16":1,"19":1,"21":0,"24":0,"25":0,"26":0,"27":0,"31":1,"33":1,"34":0,"40":0,"42":0,"43":0,"46":0,"47":0,"50":0,"52":0,"53":0,"54":0,"56":0,"57":0,"59":0,"65":1,"66":0,"67":0,"70":0}},"/home/travis/build/npmtest/node-npmtest-core-decorators/node_modules/core-decorators/lib/extendDescriptor.js":{"path":"/home/travis/build/npmtest/node-npmtest-core-decorators/node_modules/core-decorators/lib/extendDescriptor.js","s":{"1":1,"2":1,"3":0,"4":0,"5":0,"6":0,"7":0,"8":0,"9":1,"10":1,"11":1,"12":1,"13":0,"14":0,"15":0,"16":1,"17":0,"18":0,"19":0},"b":{"1":[1,0],"2":[0,0],"3":[0,0],"4":[0,0]},"f":{"1":0,"2":0,"3":0},"fnMap":{"1":{"name":"(anonymous_1)","line":7,"loc":{"start":{"line":7,"column":32},"end":{"line":7,"column":50}}},"2":{"name":"handleDescriptor","line":17,"loc":{"start":{"line":17,"column":0},"end":{"line":17,"column":51}}},"3":{"name":"extendDescriptor","line":29,"loc":{"start":{"line":29,"column":0},"end":{"line":29,"column":28}}}},"statementMap":{"1":{"start":{"line":3,"column":0},"end":{"line":5,"column":3}},"2":{"start":{"line":7,"column":0},"end":{"line":7,"column":257}},"3":{"start":{"line":7,"column":52},"end":{"line":7,"column":239}},"4":{"start":{"line":7,"column":97},"end":{"line":7,"column":123}},"5":{"start":{"line":7,"column":124},"end":{"line":7,"column":237}},"6":{"start":{"line":7,"column":150},"end":{"line":7,"column":235}},"7":{"start":{"line":7,"column":207},"end":{"line":7,"column":233}},"8":{"start":{"line":7,"column":240},"end":{"line":7,"column":254}},"9":{"start":{"line":9,"column":0},"end":{"line":9,"column":35}},"10":{"start":{"line":11,"column":0},"end":{"line":11,"column":40}},"11":{"start":{"line":13,"column":0},"end":{"line":14,"column":63}},"12":{"start":{"line":17,"column":0},"end":{"line":27,"column":1}},"13":{"start":{"line":18,"column":2},"end":{"line":18,"column":42}},"14":{"start":{"line":19,"column":2},"end":{"line":19,"column":60}},"15":{"start":{"line":21,"column":2},"end":{"line":26,"column":5}},"16":{"start":{"line":29,"column":0},"end":{"line":35,"column":1}},"17":{"start":{"line":30,"column":2},"end":{"line":32,"column":3}},"18":{"start":{"line":31,"column":4},"end":{"line":31,"column":33}},"19":{"start":{"line":34,"column":2},"end":{"line":34,"column":54}}},"branchMap":{"1":{"line":7,"type":"binary-expr","locations":[{"start":{"line":7,"column":15},"end":{"line":7,"column":28}},{"start":{"line":7,"column":32},"end":{"line":7,"column":256}}]},"2":{"line":7,"type":"if","locations":[{"start":{"line":7,"column":150},"end":{"line":7,"column":150}},{"start":{"line":7,"column":150},"end":{"line":7,"column":150}}]},"3":{"line":24,"type":"binary-expr","locations":[{"start":{"line":24,"column":9},"end":{"line":24,"column":23}},{"start":{"line":24,"column":27},"end":{"line":24,"column":40}}]},"4":{"line":25,"type":"binary-expr","locations":[{"start":{"line":25,"column":9},"end":{"line":25,"column":23}},{"start":{"line":25,"column":27},"end":{"line":25,"column":40}}]}},"code":["'use strict';","","Object.defineProperty(exports, \"__esModule\", {","  value: true","});","","var _extends = Object.assign || function (target) { for (var i = 1; i < arguments.length; i++) { var source = arguments[i]; for (var key in source) { if (Object.prototype.hasOwnProperty.call(source, key)) { target[key] = source[key]; } } } return target; };","","exports.default = extendDescriptor;","","var _utils = require('./private/utils');","","var getPrototypeOf = Object.getPrototypeOf,","    getOwnPropertyDescriptor = Object.getOwnPropertyDescriptor;","","","function handleDescriptor(target, key, descriptor) {","  var superKlass = getPrototypeOf(target);","  var superDesc = getOwnPropertyDescriptor(superKlass, key);","","  return _extends({}, superDesc, {","    value: descriptor.value,","    initializer: descriptor.initializer,","    get: descriptor.get || superDesc.get,","    set: descriptor.set || superDesc.set","  });","}","","function extendDescriptor() {","  for (var _len = arguments.length, args = Array(_len), _key = 0; _key < _len; _key++) {","    args[_key] = arguments[_key];","  }","","  return (0, _utils.decorate)(handleDescriptor, args);","}"],"l":{"3":1,"7":1,"9":1,"11":1,"13":1,"17":1,"18":0,"19":0,"21":0,"29":1,"30":0,"31":0,"34":0}},"/home/travis/build/npmtest/node-npmtest-core-decorators/node_modules/core-decorators/lib/profile.js":{"path":"/home/travis/build/npmtest/node-npmtest-core-decorators/node_modules/core-decorators/lib/profile.js","s":{"1":1,"2":1,"3":1,"4":0,"5":0,"6":0,"7":0,"8":0,"9":0,"10":1,"11":1,"12":0,"13":0,"14":0,"15":0,"16":0,"17":0,"18":0,"19":0,"20":0,"21":0,"22":0,"23":0,"24":0,"25":0,"26":0,"27":0,"28":0,"29":1,"30":0,"31":0,"32":0,"33":0,"34":0,"35":1,"36":1,"37":1,"38":1,"39":0,"40":0,"41":0,"42":0,"43":0,"44":0,"45":0,"46":0,"47":0,"48":0,"49":0,"50":0,"51":0,"52":0,"53":0,"54":0,"55":0,"56":0,"57":0,"58":0,"59":1,"60":0,"61":0,"62":0,"63":1,"64":1},"b":{"1":[1,0],"2":[0,0],"3":[0,0],"4":[0,0],"5":[0,0],"6":[0,0],"7":[0,0],"8":[0,0],"9":[0,0],"10":[0,1],"11":[0,1],"12":[0,0],"13":[0,0],"14":[0,0],"15":[0,0],"16":[0,0],"17":[0,0],"18":[0,0],"19":[0,0],"20":[0,0,0]},"f":{"1":0,"2":1,"3":0,"4":0,"5":0,"6":0,"7":0,"8":0,"9":0},"fnMap":{"1":{"name":"(anonymous_1)","line":8,"loc":{"start":{"line":8,"column":32},"end":{"line":8,"column":50}}},"2":{"name":"(anonymous_2)","line":10,"loc":{"start":{"line":10,"column":21},"end":{"line":10,"column":33}}},"3":{"name":"sliceIterator","line":10,"loc":{"start":{"line":10,"column":35},"end":{"line":10,"column":66}}},"4":{"name":"(anonymous_4)","line":10,"loc":{"start":{"line":10,"column":436},"end":{"line":10,"column":454}}},"5":{"name":"(anonymous_5)","line":18,"loc":{"start":{"line":18,"column":61},"end":{"line":18,"column":73}}},"6":{"name":"(anonymous_6)","line":19,"loc":{"start":{"line":19,"column":70},"end":{"line":19,"column":82}}},"7":{"name":"handleDescriptor","line":23,"loc":{"start":{"line":23,"column":0},"end":{"line":23,"column":57}}},"8":{"name":"value","line":53,"loc":{"start":{"line":53,"column":11},"end":{"line":53,"column":28}}},"9":{"name":"profile","line":69,"loc":{"start":{"line":69,"column":0},"end":{"line":69,"column":19}}}},"statementMap":{"1":{"start":{"line":3,"column":0},"end":{"line":5,"column":3}},"2":{"start":{"line":6,"column":0},"end":{"line":6,"column":35}},"3":{"start":{"line":8,"column":0},"end":{"line":8,"column":257}},"4":{"start":{"line":8,"column":52},"end":{"line":8,"column":239}},"5":{"start":{"line":8,"column":97},"end":{"line":8,"column":123}},"6":{"start":{"line":8,"column":124},"end":{"line":8,"column":237}},"7":{"start":{"line":8,"column":150},"end":{"line":8,"column":235}},"8":{"start":{"line":8,"column":207},"end":{"line":8,"column":233}},"9":{"start":{"line":8,"column":240},"end":{"line":8,"column":254}},"10":{"start":{"line":10,"column":0},"end":{"line":10,"column":664}},"11":{"start":{"line":10,"column":35},"end":{"line":10,"column":428}},"12":{"start":{"line":10,"column":68},"end":{"line":10,"column":82}},"13":{"start":{"line":10,"column":83},"end":{"line":10,"column":97}},"14":{"start":{"line":10,"column":98},"end":{"line":10,"column":113}},"15":{"start":{"line":10,"column":114},"end":{"line":10,"column":133}},"16":{"start":{"line":10,"column":134},"end":{"line":10,"column":413}},"17":{"start":{"line":10,"column":140},"end":{"line":10,"column":283}},"18":{"start":{"line":10,"column":226},"end":{"line":10,"column":246}},"19":{"start":{"line":10,"column":247},"end":{"line":10,"column":281}},"20":{"start":{"line":10,"column":275},"end":{"line":10,"column":281}},"21":{"start":{"line":10,"column":300},"end":{"line":10,"column":310}},"22":{"start":{"line":10,"column":311},"end":{"line":10,"column":320}},"23":{"start":{"line":10,"column":333},"end":{"line":10,"column":411}},"24":{"start":{"line":10,"column":339},"end":{"line":10,"column":379}},"25":{"start":{"line":10,"column":364},"end":{"line":10,"column":379}},"26":{"start":{"line":10,"column":392},"end":{"line":10,"column":409}},"27":{"start":{"line":10,"column":400},"end":{"line":10,"column":409}},"28":{"start":{"line":10,"column":414},"end":{"line":10,"column":426}},"29":{"start":{"line":10,"column":429},"end":{"line":10,"column":659}},"30":{"start":{"line":10,"column":456},"end":{"line":10,"column":656}},"31":{"start":{"line":10,"column":482},"end":{"line":10,"column":493}},"32":{"start":{"line":10,"column":501},"end":{"line":10,"column":656}},"33":{"start":{"line":10,"column":539},"end":{"line":10,"column":568}},"34":{"start":{"line":10,"column":578},"end":{"line":10,"column":654}},"35":{"start":{"line":12,"column":0},"end":{"line":12,"column":26}},"36":{"start":{"line":14,"column":0},"end":{"line":14,"column":40}},"37":{"start":{"line":17,"column":0},"end":{"line":21,"column":2}},"38":{"start":{"line":23,"column":0},"end":{"line":67,"column":1}},"39":{"start":{"line":24,"column":2},"end":{"line":30,"column":65}},"40":{"start":{"line":32,"column":2},"end":{"line":38,"column":3}},"41":{"start":{"line":33,"column":4},"end":{"line":36,"column":5}},"42":{"start":{"line":34,"column":6},"end":{"line":34,"column":94}},"43":{"start":{"line":35,"column":6},"end":{"line":35,"column":30}},"44":{"start":{"line":37,"column":4},"end":{"line":37,"column":22}},"45":{"start":{"line":40,"column":2},"end":{"line":40,"column":28}},"46":{"start":{"line":42,"column":2},"end":{"line":44,"column":3}},"47":{"start":{"line":43,"column":4},"end":{"line":43,"column":49}},"48":{"start":{"line":46,"column":2},"end":{"line":48,"column":3}},"49":{"start":{"line":47,"column":4},"end":{"line":47,"column":80}},"50":{"start":{"line":50,"column":2},"end":{"line":50,"column":18}},"51":{"start":{"line":52,"column":2},"end":{"line":66,"column":5}},"52":{"start":{"line":54,"column":6},"end":{"line":54,"column":30}},"53":{"start":{"line":55,"column":6},"end":{"line":58,"column":7}},"54":{"start":{"line":56,"column":8},"end":{"line":56,"column":31}},"55":{"start":{"line":57,"column":8},"end":{"line":57,"column":19}},"56":{"start":{"line":60,"column":6},"end":{"line":64,"column":7}},"57":{"start":{"line":61,"column":8},"end":{"line":61,"column":41}},"58":{"start":{"line":63,"column":8},"end":{"line":63,"column":34}},"59":{"start":{"line":69,"column":0},"end":{"line":75,"column":1}},"60":{"start":{"line":70,"column":2},"end":{"line":72,"column":3}},"61":{"start":{"line":71,"column":4},"end":{"line":71,"column":33}},"62":{"start":{"line":74,"column":2},"end":{"line":74,"column":54}},"63":{"start":{"line":79,"column":0},"end":{"line":79,"column":38}},"64":{"start":{"line":80,"column":0},"end":{"line":80,"column":25}}},"branchMap":{"1":{"line":8,"type":"binary-expr","locations":[{"start":{"line":8,"column":15},"end":{"line":8,"column":28}},{"start":{"line":8,"column":32},"end":{"line":8,"column":256}}]},"2":{"line":8,"type":"if","locations":[{"start":{"line":8,"column":150},"end":{"line":8,"column":150}},{"start":{"line":8,"column":150},"end":{"line":8,"column":150}}]},"3":{"line":10,"type":"if","locations":[{"start":{"line":10,"column":247},"end":{"line":10,"column":247}},{"start":{"line":10,"column":247},"end":{"line":10,"column":247}}]},"4":{"line":10,"type":"binary-expr","locations":[{"start":{"line":10,"column":251},"end":{"line":10,"column":252}},{"start":{"line":10,"column":256},"end":{"line":10,"column":273}}]},"5":{"line":10,"type":"if","locations":[{"start":{"line":10,"column":339},"end":{"line":10,"column":339}},{"start":{"line":10,"column":339},"end":{"line":10,"column":339}}]},"6":{"line":10,"type":"binary-expr","locations":[{"start":{"line":10,"column":343},"end":{"line":10,"column":346}},{"start":{"line":10,"column":350},"end":{"line":10,"column":362}}]},"7":{"line":10,"type":"if","locations":[{"start":{"line":10,"column":392},"end":{"line":10,"column":392}},{"start":{"line":10,"column":392},"end":{"line":10,"column":392}}]},"8":{"line":10,"type":"if","locations":[{"start":{"line":10,"column":456},"end":{"line":10,"column":456}},{"start":{"line":10,"column":456},"end":{"line":10,"column":456}}]},"9":{"line":10,"type":"if","locations":[{"start":{"line":10,"column":501},"end":{"line":10,"column":501}},{"start":{"line":10,"column":501},"end":{"line":10,"column":501}}]},"10":{"line":18,"type":"cond-expr","locations":[{"start":{"line":18,"column":29},"end":{"line":18,"column":58}},{"start":{"line":18,"column":61},"end":{"line":18,"column":75}}]},"11":{"line":19,"type":"cond-expr","locations":[{"start":{"line":19,"column":35},"end":{"line":19,"column":67}},{"start":{"line":19,"column":70},"end":{"line":19,"column":84}}]},"12":{"line":26,"type":"cond-expr","locations":[{"start":{"line":26,"column":38},"end":{"line":26,"column":42}},{"start":{"line":26,"column":45},"end":{"line":26,"column":51}}]},"13":{"line":28,"type":"cond-expr","locations":[{"start":{"line":28,"column":37},"end":{"line":28,"column":42}},{"start":{"line":28,"column":45},"end":{"line":28,"column":52}}]},"14":{"line":30,"type":"cond-expr","locations":[{"start":{"line":30,"column":40},"end":{"line":30,"column":54}},{"start":{"line":30,"column":57},"end":{"line":30,"column":64}}]},"15":{"line":32,"type":"if","locations":[{"start":{"line":32,"column":2},"end":{"line":32,"column":2}},{"start":{"line":32,"column":2},"end":{"line":32,"column":2}}]},"16":{"line":33,"type":"if","locations":[{"start":{"line":33,"column":4},"end":{"line":33,"column":4}},{"start":{"line":33,"column":4},"end":{"line":33,"column":4}}]},"17":{"line":42,"type":"if","locations":[{"start":{"line":42,"column":2},"end":{"line":42,"column":2}},{"start":{"line":42,"column":2},"end":{"line":42,"column":2}}]},"18":{"line":46,"type":"if","locations":[{"start":{"line":46,"column":2},"end":{"line":46,"column":2}},{"start":{"line":46,"column":2},"end":{"line":46,"column":2}}]},"19":{"line":55,"type":"if","locations":[{"start":{"line":55,"column":6},"end":{"line":55,"column":6}},{"start":{"line":55,"column":6},"end":{"line":55,"column":6}}]},"20":{"line":55,"type":"binary-expr","locations":[{"start":{"line":55,"column":10},"end":{"line":55,"column":15}},{"start":{"line":55,"column":19},"end":{"line":55,"column":23}},{"start":{"line":55,"column":27},"end":{"line":55,"column":31}}]}},"code":["'use strict';","","Object.defineProperty(exports, \"__esModule\", {","  value: true","});","exports.defaultConsole = undefined;","","var _extends = Object.assign || function (target) { for (var i = 1; i < arguments.length; i++) { var source = arguments[i]; for (var key in source) { if (Object.prototype.hasOwnProperty.call(source, key)) { target[key] = source[key]; } } } return target; };","","var _slicedToArray = function () { function sliceIterator(arr, i) { var _arr = []; var _n = true; var _d = false; var _e = undefined; try { for (var _i = arr[Symbol.iterator](), _s; !(_n = (_s = _i.next()).done); _n = true) { _arr.push(_s.value); if (i && _arr.length === i) break; } } catch (err) { _d = true; _e = err; } finally { try { if (!_n && _i[\"return\"]) _i[\"return\"](); } finally { if (_d) throw _e; } } return _arr; } return function (arr, i) { if (Array.isArray(arr)) { return arr; } else if (Symbol.iterator in Object(arr)) { return sliceIterator(arr, i); } else { throw new TypeError(\"Invalid attempt to destructure non-iterable instance\"); } }; }();","","exports.default = profile;","","var _utils = require('./private/utils');","","// Exported for mocking in tests","var defaultConsole = exports.defaultConsole = {","  profile: console.profile ? console.profile.bind(console) : function () {},","  profileEnd: console.profileEnd ? console.profileEnd.bind(console) : function () {},","  warn: console.warn.bind(console)","};","","function handleDescriptor(target, key, descriptor, _ref) {","  var _ref2 = _slicedToArray(_ref, 3),","      _ref2$ = _ref2[0],","      prefix = _ref2$ === undefined ? null : _ref2$,","      _ref2$2 = _ref2[1],","      once = _ref2$2 === undefined ? false : _ref2$2,","      _ref2$3 = _ref2[2],","      console = _ref2$3 === undefined ? defaultConsole : _ref2$3;","","  if (!profile.__enabled) {","    if (!profile.__warned) {","      console.warn('Console.profile is not supported. All @profile decorators are disabled.');","      profile.__warned = true;","    }","    return descriptor;","  }","","  var fn = descriptor.value;","","  if (prefix === null) {","    prefix = target.constructor.name + '.' + key;","  }","","  if (typeof fn !== 'function') {","    throw new SyntaxError('@profile can only be used on functions, not: ' + fn);","  }","","  var ran = false;","","  return _extends({}, descriptor, {","    value: function value() {","      var label = '' + prefix;","      if (!once || once && !ran) {","        console.profile(label);","        ran = true;","      }","","      try {","        return fn.apply(this, arguments);","      } finally {","        console.profileEnd(label);","      }","    }","  });","}","","function profile() {","  for (var _len = arguments.length, args = Array(_len), _key = 0; _key < _len; _key++) {","    args[_key] = arguments[_key];","  }","","  return (0, _utils.decorate)(handleDescriptor, args);","}","","// Only Chrome, Firefox, and Edge support profile.","// Exposing properties for testing.","profile.__enabled = !!console.profile;","profile.__warned = false;"],"l":{"3":1,"6":1,"8":1,"10":1,"12":1,"14":1,"17":1,"23":1,"24":0,"32":0,"33":0,"34":0,"35":0,"37":0,"40":0,"42":0,"43":0,"46":0,"47":0,"50":0,"52":0,"54":0,"55":0,"56":0,"57":0,"60":0,"61":0,"63":0,"69":1,"70":0,"71":0,"74":0,"79":1,"80":1}},"/home/travis/build/npmtest/node-npmtest-core-decorators/node_modules/core-decorators/lib/applyDecorators.js":{"path":"/home/travis/build/npmtest/node-npmtest-core-decorators/node_modules/core-decorators/lib/applyDecorators.js","s":{"1":1,"2":1,"3":1,"4":1,"5":0,"6":0,"7":0,"8":0,"9":0,"10":0,"11":0},"b":{},"f":{"1":0},"fnMap":{"1":{"name":"applyDecorators","line":10,"loc":{"start":{"line":10,"column":0},"end":{"line":10,"column":39}}}},"statementMap":{"1":{"start":{"line":3,"column":0},"end":{"line":5,"column":3}},"2":{"start":{"line":6,"column":0},"end":{"line":6,"column":34}},"3":{"start":{"line":7,"column":0},"end":{"line":8,"column":63}},"4":{"start":{"line":10,"column":0},"end":{"line":25,"column":1}},"5":{"start":{"line":11,"column":2},"end":{"line":11,"column":34}},"6":{"start":{"line":14,"column":2},"end":{"line":22,"column":3}},"7":{"start":{"line":15,"column":4},"end":{"line":15,"column":32}},"8":{"start":{"line":17,"column":4},"end":{"line":21,"column":5}},"9":{"start":{"line":18,"column":6},"end":{"line":18,"column":36}},"10":{"start":{"line":20,"column":6},"end":{"line":20,"column":106}},"11":{"start":{"line":24,"column":2},"end":{"line":24,"column":15}}},"branchMap":{},"code":["\"use strict\";","","Object.defineProperty(exports, \"__esModule\", {","  value: true","});","exports.default = applyDecorators;","var defineProperty = Object.defineProperty,","    getOwnPropertyDescriptor = Object.getOwnPropertyDescriptor;","","function applyDecorators(Class, props) {","  var prototype = Class.prototype;","","","  for (var key in props) {","    var decorators = props[key];","","    for (var i = 0, l = decorators.length; i < l; i++) {","      var decorator = decorators[i];","","      defineProperty(prototype, key, decorator(prototype, key, getOwnPropertyDescriptor(prototype, key)));","    }","  }","","  return Class;","}"],"l":{"3":1,"6":1,"7":1,"10":1,"11":0,"14":0,"15":0,"17":0,"18":0,"20":0,"24":0}}}